
# Bdi related
mount, super_block
ffff8800f4455740 ffff8800f27f2000 btrfs  /dev/xvda2 /         
ffff880002844200 ffff8800f2798800 autofs systemd-1 /@/proc/sys/fs/binfmt_misc
ffff8800f44553c0 ffff8800f3d05800 mqueue mqueue    /@/dev/mqueue
ffff8800f4533c80 ffff8800f44d2000 debugfs debugfs  /@/sys/kernel/debug
ffff8800f200fc80 ffff8800f27f2000 btrfs  /dev/xvda2 /@/var/cache
ffff8800f37d9740 ffff8800f27f2000 btrfs  /dev/xvda2 /@/opt    
ffff8800f4455200 ffff8800f27f2000 btrfs  /dev/xvda2 /@/tmp    
ffff8800f4455040 ffff8800f27f2000 btrfs  /dev/xvda2 /@/global/local
ffff8800f245c900 ffff8800f2eda000 ext3   /dev/xvda1 /@/boot   
ffff880002844040 ffff8800f27f2000 btrfs  /dev/xvda2 /@/var/spool
ffff880002840040 ffff8800f27f2000 btrfs  /dev/xvda2 /@/var/tmp
ffff880002840200 ffff8800f27f2000 btrfs  /dev/xvda2 /@/var/opt
ffff8800f200f900 ffff8800f27f2000 btrfs  /dev/xvda2 /@/var/log
ffff8800028403c0 ffff8800f27f2000 btrfs  /dev/xvda2 /@/home   
ffff8800f245ce40 ffff8800f27f2000 btrfs  /dev/xvda2 /@/.snapshots
ffff8800f37d93c0 ffff8800f27f2000 btrfs  /dev/xvda2 /@/lfs  

btrfs_mount 
btrfs_fill_super
setup_bdi
