# call null pointer function
(gdb) disassemble main
Dump of assembler code for function main:
   0x0000000000401126 <+0>:	push   %rbp
   0x0000000000401127 <+1>:	mov    %rsp,%rbp
   0x000000000040112a <+4>:	sub    $0x10,%rsp
   0x000000000040112e <+8>:	movq   $0x0,-0x8(%rbp)
   0x0000000000401136 <+16>:	mov    -0x8(%rbp),%rdx
   0x000000000040113a <+20>:	mov    $0x0,%eax
   0x000000000040113f <+25>:	callq  *%rdx			# call NULL
   0x0000000000401141 <+27>:	mov    $0x402010,%edi
   0x0000000000401146 <+32>:	callq  0x401030 <puts@plt>
   0x000000000040114b <+37>:	mov    $0x0,%eax
   0x0000000000401150 <+42>:	leaveq 
   0x0000000000401151 <+43>:	retq

(gdb) p $rsp
$3 = (void *) 0x7fffffffd5f8

(gdb) x/50a 0x7fffffffd588
0x7fffffffd588:	0x0	0x0
0x7fffffffd598:	0x0	0x400040
0x7fffffffd5a8:	0xf0b5ff	0xc2
0x7fffffffd5b8:	0x7fffffffd5e7	0x7fffffffd5e6
0x7fffffffd5c8:	0x7ffff7e93525	0x0
0x7fffffffd5d8:	0x4011ad <__libc_csu_init+77>	0x0
0x7fffffffd5e8:	0x0	0x401160 <__libc_csu_init>
0x7fffffffd5f8:	0x401141 <main+27>	0x7fffffffd6f0		# rsp pointing to return addr of call NULL in text segment.
0x7fffffffd608:	0x0	0x401160 <__libc_csu_init>
0x7fffffffd618:	0x7ffff7e101a3	0x0
0x7fffffffd628:	0x7fffffffd6f8	0x100040000
0x7fffffffd638:	0x401126 <main>	0x0
0x7fffffffd648:	0xe3a57f389272ab8d	0x401040 <_start>
0x7fffffffd658:	0x7fffffffd6f0	0x0
0x7fffffffd668:	0x0	0x1c5a80471cf2ab8d
0x7fffffffd678:	0x1c5a907ab21cab8d	0x0
0x7fffffffd688:	0x0	0x0
0x7fffffffd698:	0x7fffffffd708	0x7ffff7ffe150
0x7fffffffd6a8:	0x7ffff7fe1e61	0x0
0x7fffffffd6b8:	0x0	0x401040 <_start>
0x7fffffffd6c8:	0x7fffffffd6f0	0x0
0x7fffffffd6d8:	0x40106e <_start+46>	0x7fffffffd6e8
0x7fffffffd6e8:	0x7ffff7ffdfa0	0x1
0x7fffffffd6f8:	0x7fffffffda54	0x0
0x7fffffffd708:	0x7fffffffda5a	0x7fffffffda6a

# fiddling on %rsp
https://bugzilla.suse.com/show_bug.cgi?id=1158552

