

# Reference
[Welcome to GCC Wiki](https://gcc.gnu.org/wiki/HomePage)
[google/EXEgesis](https://github.com/google/EXEgesis)

# PLT
secureplt and bss-plt

Only build c
configure --enable-languages=c --target=x86_64-unknown-linux --disable-multilib --disable-share MAKEINFO=missing 
Do NOT build doc
echo "MAKEINFO = :" >> Makefile 

# Alignment of struct
[The Lost Art of C Structure Packing](http://www.catb.org/esr/structure-packing/)
How does gcc attribute((aligned)) work?
See [Whenever you leave out the alignment factor in an aligned attribute specification](https://gcc.gnu.org/onlinedocs/gcc-6.3.0/gcc/Common-Type-Attributes.html#Common-Type-Attributes)

# Inline assembly in gcc
[How to Use Inline Assembly Language in C Code](https://gcc.gnu.org/onlinedocs/gcc/Using-Assembly-Language-with-C.html)
[x86 Operand Modifiers](https://gcc.gnu.org/onlinedocs/gcc/Extended-Asm.html#x86Operandmodifiers)
[Machine Modes: Describing the size and format of a datum.](https://gcc.gnu.org/onlinedocs/gccint/Machine-Modes.html#Machine-Modes)

# Volatile
[Should volatile Acquire Atomicity and Thread Visibility Semantics?](http://www.open-std.org/jtc1/sc22/wg21/docs/papers/2006/n2016.html)
[When is a Volatile Object Accessed?](https://gcc.gnu.org/onlinedocs/gcc/Volatiles.html)

# constprop

# Builtin
[Other Built-in Functions Provided by GCC](https://gcc.gnu.org/onlinedocs/gcc/Other-Builtins.html)

# Arch
[Pre-defined Compiler Macros](https://sourceforge.net/p/predef/wiki/Architectures/)
