
# Relation
synchronization,
swapping
page frame reclaim

# elementary inference
occassions
Objects: file, block device.

# occassions
uncoditional initiative writeback
Periodical writeback
Ondemand of memory allocation
conditional writeback

# Periodical writeback
cat /proc/sys/vm/dirty_expire_centisecs 
3000
cat /proc/sys/vm/dirty_writeback_centisecs 
500

# Ondemand of memory allocation
1024 pages

# Condition writeback
cat /proc/sys/vm/dirty_background_ratio 
10
cat /proc/sys/vm/dirty_ratio 
20

# Policy
wb_writeback_work is ssentially a subset of writeback_control

# evolution of writeback
1. pdflush
2. bdi_writeback
Scalability of multiple disks 
3. cmwq


