# References
http://www.sco.com/developers/gabi/latest/contents.html
x86_64 ABI 1.0: https://github.com/hjl-tools/x86-psABI/wiki/X86-psABI
kind of out of date since elf is only updated 0.99: https://refspecs.linuxfoundation.org/

# Kernel
[Special sections in Linux binaries](https://lwn.net/Articles/531148/)

# ENTRY
Userspace application
load_elf_binary->start_thread(regs, elf_entry, bprm->p);

Kernel
realmode arch/x86/boot/header.S
        # offset 512, entry point

        .globl  _start
_start:

64bit boot loader: arch/x86/boot/compressed/head_64.S
        .code64
        .org 0x200 # ABI
ENTRY(startup_64)

# Physaddr
AT key word

# Debuginfo - Dwarf
[How the Compiler Tells Its Secrets to the Debugger](https://events.static.linuxfound.org/images/stories/pdf/lfcs2012_eager.pdf)
[Introduction to the DWARF Debugging Format](http://www.dwarfstd.org/doc/Debugging%20using%20DWARF-2012.pdf)
[LLVM Debug Info Tutorial](https://www.youtube.com/watch?time_continue=19&v=8cIToPOJPFs) [Slide](https://llvm.org/devmtg/2014-10/Slides/Christopher-DebugInfoTutorial.pdf)
[Debugging Debug Information - Francesco Zappa Nardelli](https://www.youtube.com/watch?v=lBJIrGgEP1A)
[Exploiting the hard-working DWARF](https://www.youtube.com/watch?v=nLH7ytOTYto)
## CFI
https://sourceware.org/binutils/docs/as/CFI-directives.html#CFI-directives
## Dwarf 4
DWARF4 is now the default when generating DWARF debug information. When -g is used on a platform that uses DWARF debugging information, GCC will now default to -gdwarf-4 -fno-debug-types-section.
GDB 7.5, Valgrind 3.8.0 and elfutils 0.154 debug information consumers support DWARF4 by default. Before GCC 4.8 the default version used was DWARF2. To make GCC 4.8 generate an older DWARF version use -g  together with -gdwarf-2 or -gdwarf-3. The default for Darwin and VxWorks is still -gdwarf-2 -gstrict-dwarf.
[1]: https://gcc.gnu.org/gcc-4.8/changes.html
readelf --debug-dump  fg  | grep -A 4 .debug_
# Dwarf TAG and AT
(DW_TAG_array_type)
(DW_TAG_base_type)
(DW_TAG_compile_unit)
(DW_TAG_const_type)
(DW_TAG_enumeration_type)
(DW_TAG_enumerator)
(DW_TAG_formal_parameter)
(DW_TAG_GNU_call_site)
(DW_TAG_imported_unit)
(DW_TAG_inlined_subroutine)
(DW_TAG_label)
(DW_TAG_lexical_block)
(DW_TAG_member)
(DW_TAG_partial_unit)
(DW_TAG_pointer_type)
(DW_TAG_structure_type)
(DW_TAG_subprogram)
(DW_TAG_subrange_type)
(DW_TAG_subroutine_type)
(DW_TAG_typedef)
(DW_TAG_union_type)
(DW_TAG_unspecified_parameters)
(DW_TAG_variable)
(DW_TAG_volatile_type)
