# References
http://www.sco.com/developers/gabi/latest/contents.html
x86_64 ABI 1.0: https://github.com/hjl-tools/x86-psABI/wiki/X86-psABI
kind of out of date since elf is only updated 0.99: https://refspecs.linuxfoundation.org/

# Kernel
[Special sections in Linux binaries](https://lwn.net/Articles/531148/)

# ENTRY
Userspace application
load_elf_binary->start_thread(regs, elf_entry, bprm->p);

Kernel
realmode arch/x86/boot/header.S
        # offset 512, entry point

        .globl  _start
_start:

64bit boot loader: arch/x86/boot/compressed/head_64.S
        .code64
        .org 0x200 # ABI
ENTRY(startup_64)

# Physaddr
AT key word
