libcidn1-2.20-r0.0.x86_64.rpm
libc6-extra-nss-2.20-r0.0.x86_64.rpm
libc6-dev-2.20-r0.0.x86_64.rpm
linux-libc-headers-dev-3.16+sdkwrl7+7-r0.0.x86_64.rpm
libgcc-s-dev-4.9.1+sdkwrl7+7-r0.0.x86_64.rpm
binutils-2.24-r0.0.x86_64.rpm
libmpfr4-3.1.2-r0.0.x86_64.rpm
libmpc3-1.0.2-r0.0.x86_64.rpm
gcc-4.9.1-r0.0.x86_64.rpm
make-4.0-r0.0.x86_64.rpm
make scripts needs above stuff. Actually, the above stuffes are able to make a kind of userspace program

kernel-dev-3.14-r0.16.x86_64.rpm for kernel modules



# ETC
## rpm -i will output follow 
update-alternatives: Linking //usr/bin/cc to /usr/bin/x86_64-wrs-linux-gcc
update-alternatives: Linking //usr/bin/gcc to /usr/bin/x86_64-wrs-linux-gcc

## libgcc-s-dev is must
[host:~/c]$ rpm -qlp libgcc-s-dev-4.9.1+sdkwrl7+7-r0.0.x86_64.rpm
/lib64
/lib64/libgcc_s.so
/usr
/usr/lib64
/usr/lib64/x86_64-windriver-linux
/usr/lib64/x86_64-windriver-linux/4.9.1
/usr/lib64/x86_64-windriver-linux/4.9.1/crtbegin.o
/usr/lib64/x86_64-windriver-linux/4.9.1/crtbeginS.o
/usr/lib64/x86_64-windriver-linux/4.9.1/crtbeginT.o
/usr/lib64/x86_64-windriver-linux/4.9.1/crtend.o
/usr/lib64/x86_64-windriver-linux/4.9.1/crtendS.o
/usr/lib64/x86_64-windriver-linux/4.9.1/crtfastmath.o
/usr/lib64/x86_64-windriver-linux/4.9.1/crtprec32.o
/usr/lib64/x86_64-windriver-linux/4.9.1/crtprec64.o
/usr/lib64/x86_64-windriver-linux/4.9.1/crtprec80.o
/usr/lib64/x86_64-windriver-linux/4.9.1/libgcc.a
/usr/lib64/x86_64-windriver-linux/4.9.1/libgcc_eh.a
/usr/lib64/x86_64-wrs-linux
