---
tags: [ cs ] 
title: Fedora distro 物语
date: 2015-02-27T15:46:11+08:00 
category: cs
---

# Android
sudo adb shell "settings put global captive_portal_server www.google.cn"
Privoxy

# Chrome
IDC_SELECT_PREVIOUS_TAB: 前一个tab
Ctl+ Prev Tab -> Alt + j
0900000006000000e1840000
4A00000008000000e1840000

Ctl + Next Tab -> Alt + k
0900000004000000e0840000
4B00000008000000e0840000

IDC_BACK
{ ui::VKEY_LEFT, ui::EF_ALT_DOWN, IDC_BACK }
bgrep -C 8 2500000008000000e8800000 ./chrome
Alt + Left -> Alt + h
2500000008000000e8800000
4800000008000000e8800000

IDC_FORWARD
Alt + Right -> Alt + l
2700000008000000e9800000
4C00000008000000e9800000


#Goagent
139.175.107.84|139.175.107.89|139.175.107.94|139.175.107.99|139.175.107.103|139.175.107.104|139.175.107.108|139.175.107.109|139.175.107.113|139.175.107.118|139.175.107.119|139.175.107.123

#Nautilus
* Sidebar
Edit below file to rename dir in place menu of sidebar.
vim ~/.config/user-dirs.dirs

#xdg 
* Specification
http://standards.freedesktop.org/basedir-spec/basedir-spec-latest.html

#Raspberry pi
* Remote viewer
vinagre




#fedora 22
* Check dup and error
yum check

* touchpad single tap-to-click and single finger scrolling
synclient TapButton1=1 TapButton2=3 TapButton3=2
synclient VertEdgeScroll=25 HorizEdgeScroll=25

/etc/udev/rules.d/10-trackpoint.rules
ACTION=="add",
SUBSYSTEM=="input",
ATTR{name}=="TPPS/2 IBM TrackPoint",
ATTR{device/sensitivity}="190",
ATTR{device/speed}="270",
ATTR{device/inertia}="6",
ATTR{device/press_to_select}="1"


* after distro-sync 22 yum/dnf still recognize 21
yum check must output fedor-relase/repos-21 something like, remove it.

* tty loop login
disable selinux
authconfig update all

* kernel parameter
audit=0 selinux=0  
rhgb  redaht graphical boot, show picture
quiet: show little message
init=/bin/bash

* boot stop at update UTMP
disable NetworkManager

#dropbear
=generate private key
dropbearkey -t rsa -f ~/.ssh/id_rsa.db
=yank public key
dropbearkey -y -f ~/.ssh/id_rsa.db
=login in
dbclient -y -i ~/.ssh/id_rsa.db user@ip
=trans file
scp -S dbclient -i ~/.ssh/id_rsa fileName user@ip:/dir

# gpg
6A6608B8
#id3tag
id3tag -2 *.mp3
for file in *.mp3;do f=$(echo "$file" |awk -F ' ' '{print $2}' | awk -F '.' '{print $1}'); id3tag -s "$f" "$file";  done
exiftool -json Baccano\!\ 永生之酒\(バッカーノ！\)\ ORIGINAL\ SOUNDTRACK\ SPIRAL\ MELODIES/12.緩みきった官能のダンス.mp3

#indent
indent -npro -kr -i8 -ts8 -sob -l80 -ss -ncs *.c *.h

# ps
ps -eLo pid,tid,s,eip,esp,stackp,tty4,etime,comm,wchan

#qemu
qemu -m 512 -kernel bzImage -append “root=/dev/sda” -boot c -hda busybox.img -k en-us

#rdesktop
rdesktop -K -g 1366x700 -r clipboard:PRIMARYCLIPBOARD 192.168.10.200 -r sound:local -u firo -p ""
rdesktop -K -g 1366x700 -r clipboard:CLIPBOAD 192.168.10.200
nmap  -sP 192.168.10.0/24  | grep 'Nmap scan' | awk '{print$5}' | while read line; do echo "connect to $line";  timeout -s 9 2 rdesktop -K -g 1366x700 -r clipboard:CLIPBOARD $line; done

# sed
sed -E 's/[[:space:]]*\.{2,}[^0-9]*/\//g'
sed  -Ei 's/^date: ([0-9]{4}-[0-9]{2}-[0-9]{2}) ([0-9]{2}:[0-9]{2}:[0-9]{2})/date: \1T\2+08:00 /'


