[1]: https://lists.kernelnewbies.org/pipermail/kernelnewbies/2011-April/001481.html
[2]: https://stackoverflow.com/questions/30714646/how-can-i-differentiate-static-functions-with-nm-or-readelf-output-in-c
# [Not able to see all the symbols in the output of "nm" command][1]
Inline?
[if files are compiled with optimization -O0 then local symbols will be emitted in the object file symbol table.][2]



sed 's/\(^static \)\(.* \)\(i40e_.*(.*\) /firo \2\3 /' ./i40e_virtchnl_pf.c  | grep firo 

# Knonwing OS

echo function > current_tracer
echo 1 > options/func_stack_trace
 => tcp_rcv_established
 => tcp_v4_do_rcv
 => tcp_v4_rcv
 => ip_local_deliver_finish
 => ip_local_deliver
 => ip_rcv_finish
 => ip_rcv
 => __netif_receive_skb_core
 => __netif_receive_skb
 => netif_receive_skb_internal
 => napi_gro_receive
 => e1000_receive_skb
 => e1000_clean_rx_irq
 => e1000e_poll
 => net_rx_action
 => __do_softirq
 => irq_exit
 => do_IRQ
 => ret_from_intr
 => cpuidle_enter
 => call_cpuidle
 => cpu_startup_entry
 => start_secondary

# Kprobe trace
parse_probe_vars
echo 0 > events/kprobes/enable; echo 'p:firo1 __set_task_blocked %di blocked=+1800(%di) @totalram_pages'  > kprobe_events; echo 1 > events/kprobes/enable ; : > trace
gpg-agent-2377  [006] d... 21546.936711: firo1: (__set_task_blocked+0x0/0x70) arg1=0xffff88085a08a040 blocked=0x0 arg3=0x7d0a07
