crash> ps -g 123437
PID: 123430  TASK: ffff880451b94580  CPU: 2   COMMAND: "enq.sapPC6_ASCS"
  PID: 123437  TASK: ffff8804a4b052c0  CPU: 2   COMMAND: "enq.sapPC6_ASCS"
  PID: 123441  TASK: ffff88041219c4c0  CPU: 1   COMMAND: "enq.sapPC6_ASCS"
  PID: 123442  TASK: ffff88047b4e1800  CPU: 1   COMMAND: "enq.sapPC6_ASCS"
  PID: 123443  TASK: ffff8803f9704200  CPU: 1   COMMAND: "enq.sapPC6_ASCS"
  PID: 123444  TASK: ffff88049af191c0  CPU: 1   COMMAND: "enq.sapPC6_ASCS"
  PID: 123445  TASK: ffff8804122715c0  CPU: 1   COMMAND: "enq.sapPC6_ASCS"
  PID: 123446  TASK: ffff8803fa4c8280  CPU: 2   COMMAND: "enq.sapPC6_ASCS"
  PID: 123447  TASK: ffff88049afe4180  CPU: 1   COMMAND: "enq.sapPC6_ASCS"
  PID: 123448  TASK: ffff880465ddc440  CPU: 1   COMMAND: "enq.sapPC6_ASCS"
  PID: 123449  TASK: ffff880451a24480  CPU: 0   COMMAND: "enq.sapPC6_ASCS"
  PID: 123450  TASK: ffff88049c38c300  CPU: 1   COMMAND: "enq.sapPC6_ASCS"
  PID: 123451  TASK: ffff88049c21c2c0  CPU: 1   COMMAND: "enq.sapPC6_ASCS"
  PID: 123452  TASK: ffff88049c3d06c0  CPU: 1   COMMAND: "enq.sapPC6_ASCS"
  PID: 123453  TASK: ffff880037375840  CPU: 1   COMMAND: "enq.sapPC6_ASCS"
  PID: 123454  TASK: ffff880451aac740  CPU: 1   COMMAND: "enq.sapPC6_ASCS"
  PID: 123455  TASK: ffff88047b7c8780  CPU: 1   COMMAND: "enq.sapPC6_ASCS"
  PID: 123456  TASK: ffff8804122647c0  CPU: 3   COMMAND: "enq.sapPC6_ASCS"
  PID: 123457  TASK: ffff8804a3d6c800  CPU: 1   COMMAND: "enq.sapPC6_ASCS"

crash> for net -s | grep ffff8803fa45d800 | wc -l
19
crash> ps -g 123437 | wc -l
20
 remove empty line
