
# Preparation
[Interview Preparation](https://www.evernote.com/Home.action?message=forgotPasswordAction.sent&login=true#n=50a8c4c5-7bbf-40e3-8d2b-a82a699ae2fc&s=s174&ses=4&sh=2&sds=5&)

# successful cases
[湾区求职分享：三个月刷题拿到 Google offer，欢迎踊跃提问](https://www.diycode.cc/topics/220)
[我在湾区找工作的故事 bad performance in C and Cisco offer](http://www.1point3acres.com/bbs/thread-47868-1-1.html)

# antigonist
* 面试问题
[LEETCODE刷题五遍还没OFFER！举例分析为什么找工作光刷题不够](http://www.1point3acres.com/why-you-fail-in-job-interviews/)
没搞东问题
需要摸透interviewer的心理

# Goals
* Work in America
FAAMG, ICC, Rajat
* leetcode
* C
* English
* Operating system
* interview questions

# etc
[刷题的必要性](https://www.zhihu.com/question/35133069/answer/97832096)
[大公司的面试思路loss function](https://www.zhihu.com/question/35133069/answer/277481227)

## why leetcodes
为什么这些公司考LeetCode原题？因为你能把Easy和Medium熬下来，甚至熬下来部分Hard，无论你的背景如何，你的自控能力、规划能力和坚持精神，已经足够在任何一个大公司做一个合格的工程师了
[资历平庸的心酸leetcode](https://www.zhihu.com/question/31092580/answer/439473636)

## old news
[8个月从CS菜鸟到拿到Google Offer的经历+内推 ](http://www.1point3acres.com/bbs/thread-77453-1-1.html)

interview workshop
http://www.programmerinterview.com/

# Salary
[salary negotiation 求职如何跟公司讨价还价](https://www.1point3acres.com/bbs/thread-286214-1-1.html)
[Ten Rules for Negotiating a Job Offer](https://haseebq.com/my-ten-rules-for-negotiating-a-job-offer/)

# Interview questions
1. 有个优先级低的进程单独在一个核上, 怎么保证负载均衡.
2. cpu share and quota
3. 路由失败对bind connect 影响
4. page writeback
5. huge page
6. reverse linked list
# LQO
* [Netfilter conntrack 性能调整](http://jaseywang.me/2012/08/16/%E8%A7%A3%E5%86%B3-nf_conntrack-table-full-dropping-packet-%E7%9A%84%E5%87%A0%E7%A7%8D%E6%80%9D%E8%B7%AF/)
* [Conntrack tuning](https://wiki.khnet.info/index.php/Conntrack_tuning#Default_values_of_CONNTRACK_MAX_and_HASHSIZE)

# interview question
https://www.quora.com/Kernel-programming-is-a-big-area-Network-stack-might-have-nothing-in-common-with-block-drivers-etc-To-test-someone%E2%80%99s-overall-knowledge-what-would-be-some-good-interview-questions-on-Linux-kernel-programming
* xiao mi
关于抢占的理解（何时抢占,怎样实现的抢占）
kmalloc与vmalloc的区别
kmalloc内核是如何实现存储管理的，比如申请了14B的空间
A,B两个进程，运行顺序是A—B—A,有多少种可能导致的，比如阻塞，抢占等。
http://ju.outofmemory.cn/entry/141418

https://blog.csdn.net/zhangjikuan/article/details/49021407
https://blog.csdn.net/laviolette/article/details/51481175
https://www.jobui.com/mianshiti/it/qianrushi/5739/
http://unicornx.github.io/2015/12/20/20151220-lk-drv-questions/
https://www.cnblogs.com/cdwodm/p/4633460.html
https://forum.mianbaoban.cn/topic/64466_1_1.html
http://cprogrammingwithlinux.blogspot.com/p/linux-interview-questions.html
https://www.quora.com/What-are-some-good-interview-questions-on-Linux-Memory-Management
http://www.eetop.cn/blog/html/49/204849-35836.html
https://sites.google.com/view/embeddedprograms/interview-questions/linux-kernel-internal-interview-questions
http://guruoflinux.blogspot.com/2011/12/linux-kernel-programming-interview.html
http://jobslnxinterview.blogspot.com/p/interrupt-handling.html
http://www.voidcn.com/article/p-czrbuirf-ho.html
http://cinterviewquestionandanswer.blogspot.com/2014/06/spin-lock-in-linux-kernel.html
* intel
http://www.zheyibu.com/article/4094.html
https://www.douban.com/note/232065796/

http://ales.jikos.cz/strace.txt.html
# problems
What are some problems that may arise from kernel live  patching support?
Changing a function's prototype may change the way this function is called, in terms of argument passing, at least. Thus, related callers must also be patched.


progam is stuck in linux/kernel
It seems to hang indefinitely

# Resignation and take rest 
https://www.google.com/search?newwindow=1&biw=1280&bih=652&ei=iZLVW5fZArTB0PEPlNSgsA8&q=after+resignation+I+take+a+3-month+rest&oq=after+resignation+I+take+a+3-month+rest&gs_l=psy-ab.3..33i299l3.35600.55708..55996...5.0..1.380.13951.1j0j19j27......0....1..gws-wiz.....0..0j0i67j0i131j0i22i30j33i22i29i30j33i160.-SHolffy9O8
https://www.quora.com/Is-it-wrong-to-resign-from-current-job-and-take-rest-for-couple-of-months
https://www.quora.com/Is-it-OK-to-quit-my-job-and-take-a-break-of-say-three-months-refresh-my-skills-learn-new-thing-and-still-find-a-job-after-that

# Phone problem
http://www.spiiker.com/study_details/spoken-47790364.html

# Map
英语面试你需要准备什么？ - 文森特爱学习的回答 - 知乎
https://www.zhihu.com/question/48051581/answer/355288141

# interaction
good afternoon
ask names
mention: Yes, Nancy, that's right.
## say again
Can you please repeat your question? I didn't hear your question clearly, the line was cutting off. 
Sorry, can you say it again?

# Common Interview Questions
https://www.themuse.com/advice/how-to-answer-the-31-most-common-interview-questions

# Competency based interviews
## star
situation, task required as a result
action you took
result of that action
## Car
context, action, result

# Professional questions

# Introduction
自我介绍就是介绍自己和这份工作的符合性
先列出这份工作要求什么
你目前做什么
进行一个对比
## elements
* tasks
* interactive

## template
good afternoon, My name is Firo Yang. According to the JD, it seems you are looking for . And I am also a in company

As far as I can understand from the JD, this job requires 
And my responsibility is taking charge of 
which includes 3 parts.
The first part
The second part
The third part
This is all what I'm currently doing and I guess it should be close to what you require. j
