

Q:[Why do we need mb for SLEEP AND WAKE-UP FUNCTIONS?](https://www.kernel.org/doc/Documentation/memory-barriers.txt)
help me.


# the wake-up lost problem
[Kernel Korner - Sleeping in the Kernel](https://www.linuxjournal.com/article/8144)
# Reordering issue
CPU0:Process A
while(!done) {
	schedule();
	set_current_state = *interruptable;
}

CPU1: Process B
done = true;
wake_up_process(A);

Ordering issue: reorder load of done and store of state;
A: load of done
B: done = true
B: wake up
A: set state
A: schedule
Check bcbd94ff481ec1d7b5c824d90df82d0faafabd35
dm crypt: fix a possible hang due to race condition on exit
