
# Shadow page table
## Software-assisted
[The Shadowy Depths of the KVM MMU](https://www.linux-kvm.org/images/e/e5/KvmForum2007%24shadowy-depths-of-the-kvm-mmu.pdf)
Guest page table read only.
Hi, 关于kvm 的软件影子页表实现问题, guest page table 设置只读后, 更新guest page table 如何同步到 影子页表?
王洪磊 好久没看了，不过从道理上来说，应该是guest 更新自己的页表会触发vmexit，然后host 根据原因和vmcs数据更新影子页表。
[QEMU 内存虚拟化源码分析](https://abelsu7.top/2019/07/07/kvm-memory-virtualization/)


# MMU virtualiazation
[kvm_mmu_get_page函数解析](https://blog.csdn.net/leoufung/article/details/52667307)
[__direct_map 函数解析之影子页表的构建](https://blog.csdn.net/leoufung/article/details/52661968)
[tdp_page_fault 函数解析之level,gfn变量的含义](https://blog.csdn.net/leoufung/article/details/52638357)
[KVM的vMMU相关数据结构及其影子页表关系分析](https://blog.csdn.net/leoufung/article/details/52639876)
[KVM中的EPT Exception](http://ningfxkvm.blogspot.com/2015/11/kvmept-exception.html)
[The x86 kvm shadow mmu](https://www.kernel.org/doc/Documentation/virtual/kvm/mmu.txt)
[KVM MMU Virtualization Xiao Guangrong](https://events.static.linuxfound.org/slides/2011/linuxcon-japan/lcj2011_guangrong.pdf)
[Asynchronous page faults](https://www.linux-kvm.org/images/a/ac/2010-forum-Async-page-faults.pdf)
[KVM async page fault](https://terenceli.github.io/%E6%8A%80%E6%9C%AF/2019/03/24/kvm-async-page-fault)
## Functions
kvm_set_cr3 walk_addr_generic
inject_page_fault
