# References
[New types of Memory, their support in Linux and ...](https://www.openfabrics.org/images/2018workshop/presentations/112_CLameter_NewTypesofMemory.pdf)
[Unaddressable device memory](https://lwn.net/Articles/717614/)
[HMM and CDM](https://lwn.net/Articles/717601/)
[Heterogeneous Memory Management (HMM)](https://www.kernel.org/doc/html/latest/vm/hmm.html)

# ZONE_DEVICE
[ZONE_DEVICE](https://www.kernel.org/doc/html/latest/vm/memory-model.html#zone-device)
[ZONE_DEVICE and the future of struct page](https://lwn.net/Articles/717555/)

# Persistent Memory
[Persistent Memory kernel wiki](https://nvdimm.wiki.kernel.org/)
[Persistent Memory,NVM Programming Model, and NVDIMMs](https://www.flashmemorysummit.com/English/Collaterals/Proceedings/2017/20170809_FR21_SNIA.pdf)
[Enabling Persistent Memory in the Storage Performance Development Kit]https://software.intel.com/en-us/articles/enabling-persistent-memory-in-the-storage-performance-development-kit-spdk)
[Persistent Memory in Linux](https://www.snia.org/sites/default/files/PM-Summit/2017/presentations/Coughlan_Tom_PM_in_Linux.pdf)

# coherent device memory
[Define coherent device memory node](https://lwn.net/Articles/713035/?spm=a2c6h.12873639.0.0.1c3b45f9dbyKp0)

# Nvfs
[[RFC] nvfs: a filesystem for persistent memory](https://lore.kernel.org/lkml/alpine.LRH.2.02.2009140852030.22422@file01.intranet.prod.int.rdu2.redhat.com/)

# mmap
## MAP_SYNC
[Two more approaches to persistent-memory writes](https://lwn.net/Articles/731706/)
dax_iomap_pte_fault
