# History
tglx: commit d0415686774477153ca911a612f74c2d2bb11be6
Author: Linus Torvalds <torvalds@athlon.transmeta.com>
Date:   Mon Feb 4 23:59:34 2002 -0800
    v2.5.1.3 -> v2.5.1.4
+ * Access another process' address space.
+ * Source/target buffer must be kernel space, 
+ * Do not walk the page table directly, use get_user_pages
+int get_user_pages()

get_user_pages_fast: https://lwn.net/Articles/275808/ Toward better direct I/O scalability

try_grab_page doesn't use get_page_unless_zero?

# Follow page
history: commit 197e67c54abad8c3633bc57d10ddbff917ec344a
Refs: <2.3.12pre7>
Author:     Linus Torvalds <torvalds@linuxfoundation.org>
+ * Do a quick page-table lookup for a single page.
+static unsigned long follow_page(unsigned long address)

# Reference
LDD3 Chapter 15 Performing Direct I/O
Documentation/core-api/pin_user_pages.rst
https://www.youtube.com/watch?v=97mmajwTjpY&t=5290
[The trouble with get_user_pages()](https://lwn.net/Articles/753027/)
[DMA and get_user_pages()](https://lwn.net/Articles/774411/) [Slides and Jan Kara's problem](https://linuxplumbersconf.org/event/2/contributions/126/attachments/136/168/LPC_2018_gup_dma.pdf)

# A practice
Check sys_mlock and faultin_page

# Problems with gup and DMA
[The problems: Filesystem crashes due to pages without buffers](https://www.spinics.net/lists/linux-mm/msg142700.html)
[DMA and get_user_pages()](https://lwn.net/Articles/774411/)
[Slides for LPC video: get_user_pages() + DMA](https://linuxplumbersconf.org/event/2/contributions/126/attachments/136/168/LPC_2018_gup_dma.pdf)
