---
tags: [ cs, consistency ] 
title: Synchronization
date: 2015-02-27T15:46:12+08:00 
category: cs
--

When we are talking on memory model, we are refering memory consistency model as same as memory ordering model.

# Practices
[Memory Reordering Caught in the Act][5]
[5]: http://preshing.com/20120515/memory-reordering-caught-in-the-act/

# Memory model
[Weak vs. Strong Memory Models][1]
[1]: http://preshing.com/20120930/weak-vs-strong-memory-models/

# x86 memory model
[Memory Barriers: a Hardware View for Software Hackers - must read][8]
[8]: http://www.rdrop.com/users/paulmck/scalability/paper/whymb.2010.06.07c.pdf
[x86 is TSO why it borthers fence?][4]
[4]: https://bartoszmilewski.com/2008/11/05/who-ordered-memory-fences-on-an-x86/
[●●When are x86 LFENCE, SFENCE and MFENCE instructions required?][7]
[7]: https://stackoverflow.com/questions/27595595/when-are-x86-lfence-sfence-and-mfence-instructions-required

# C11 memory model
[C memory order][6]
[6]: http://en.cppreference.com/w/c/atomic/memory_order


# Linux kernel memory model
[A formal kernel memory-ordering model][12]
[A formal kernel memory-ordering model (part 2)][16]
[Linux-Kernel Memory Model][13]
[Linux-Kernel Memory Ordering: Help Arrives At Last!][14] and [Talk on youtube on this!][15]

[12]: https://lwn.net/Articles/718628/
[13]: http://www.open-std.org/jtc1/sc22/wg21/docs/papers/2015/n4374.html
[14]: http://events.linuxfoundation.org/sites/events/files/slides/LinuxMM.2016.09.19a.LCE_.pdf
[15]: https://www.youtube.com/watch?v=ULFytshTvIY
[16]: https://lwn.net/Articles/720550/

