CONFIG_IP_PNP_DHCP=y
CONFIG_IP_PNP_BOOTP=y
CONFIG_IP_PNP_RARP=y

CONFIG_BLK_DEV_BSG=y
CONFIG_IP_ADVANCED_ROUTER=y
CONFIG_IP_MULTIPLE_TABLES=y      
CONFIG_IP_ROUTE_MULTIPATH=y     
CONFIG_IP_ROUTE_VERBOSE=y      
CONFIG_IP_ROUTE_CLASSID=y

CONFIG_IP_MROUTE=y

CONFIG_DEVTMPFS=y
CONFIG_DEVTMPFS_MOUNT=y


CONFIG_BLK_DEV_RAM=y


CONFIG_SCSI=y

CONFIG_SCSI_PROC_FS=y

CONFIG_BLK_DEV_SD=y
CONFIG_ATA=y
CONFIG_SATA_AHCI=y
CONFIG_SATA_AHCI_PLATFORM=y
CONFIG_ATA_PIIX=y

  CONFIG_UTS_NS=y
  CONFIG_IPC_NS=y
  CONFIG_USER_NS=y
  CONFIG_PID_NS=y
  CONFIG_NET_NS=y
CONFIG_KPROBES_ON_FTRACE=y

  CONFIG_NETCONSOLE=y                                                                                    |  1068 # CONFIG_NETCONSOLE is not set                                                                    
  CONFIG_NETPOLL=y
