
# References
[firo-must: Local and Remote Memory: Memory in a Linux/NUMA System](https://pdfs.semanticscholar.org/41b1/74a97c812c281387803902a3d99afa4ca454.pdf)
[Memory part 4: NUMA support](https://lwn.net/Articles/254445/)
[What is Linux Memory Policy?](https://www.kernel.org/doc/Documentation/vm/numa_memory_policy.txt)
[NUMA (Non-Uniform Memory Access): An Overview](https://queue.acm.org/detail.cfm?id=2513149)
[The MySQL “swap insanity” problem and the effects of the NUMA architecture](https://blog.jcole.us/2010/09/28/mysql-swap-insanity-and-the-numa-architecture/)
[NUMA架构的CPU -- 你真的用好了么？](http://cenalulu.github.io/linux/numa/)
[Red Hat Enterprise Linux NUMA support for HPE ProLiant servers](https://h50146.www5.hpe.com/products/software/oe/linux/mainstream/support/whitepaper/pdfs/a00039147enw.pdf)
[NUMA Memory Architectures and the Linux Memory System](https://pok.acm.org/meetings/foils/Ladd16.pdf)
[NUMA in a hurry](https://lwn.net/Articles/524977/)
[How NUMA Balancing Moves KVM Guests](https://events.static.linuxfound.org/sites/events/files/slides/LCJ2014-How_NUMA_Balancing_Moves_KVM_Guests.pdf)

# Nodes distance
ACPI 2.0 SLIT distance definitions
#define LOCAL_DISTANCE          10
#define REMOTE_DISTANCE         20
numa_distance

# Automatic NUMA Balancing
[Automatic NUMA Balancing v10](https://lore.kernel.org/lkml/1354875832-9700-1-git-send-email-mgorman@suse.de/)
[[GIT PULL] Automatic NUMA Balancing V11](https://lkml.org/lkml/2012/12/12/96)
[AutoNUMA alpha10](https://lwn.net/Articles/488686/)

# Material
setup_arch->initmem_init->numa_init -> numa_register_memblks -> alloc_node_data

# High-level description
node_states
nr_node_ids: num of pssible nodes
nr_online_nodes: num of online nodes

# Page migration
[lwn: Page migration](https://lwn.net/Articles/157066/)
[Kernel doc: Page migration](https://www.kernel.org/doc/html/latest/vm/page_migration.html)
