
# Formal cause
[Memory part 3: Virtual Memory](https:// https://stackoverflow.com/questions/6803762/dump-the-contents-of-tlb-buffer-of-x86-cpu)
[Chapter 3  Page Table Management](https://www.kernel.org/doc/gorman/html/understand/understand006.html)
## Page tbale
### PTE
v3a chapter 4.5 4-level paging, p132, Figure 4-11. Formats of CR3 and Paging-Structure Entries with 4-Level Paging
| G | PAT | D | A | PCD | PWT | U/S | R/W | Present
Check _PAGE_BIT_ACCESSED
commit 97e3c602ccbdd7db54e92fe05675c664c052a466
Author: Dave Hansen <dave.hansen@linux.intel.com>
Date:   Thu Jul 7 17:19:12 2016 -0700
    x86/mm: Ignore A/D bits in pte/pmd/pud_none()
Firo: _PAGE_KNL_ERRATUM_MASK

## Page directory
### PDE

## Copy ptes
### fork's wp page and COW - copy_page_range ... copy_pte_range
is_cow_mapping(vm_flags_t flags) => return (flags & (VM_SHARED | VM_MAYWRITE)) == VM_MAYWRITE;
What about Shared & Write? Check the following commit:
commit d08b3851da41d0ee60851f2c75b118e1f7a5fc89
Author: Peter Zijlstra <a.p.zijlstra@chello.nl>
Date:   Mon Sep 25 23:30:57 2006 -0700
    [PATCH] mm: tracking shared dirty pages
For good understanding, check do_wp_page().

## Zap ptes - zap_page_range
exit
munmap

## Unmap ptes
PFRA, migation

## MMU notifier
[Memory management notifiers](https://lwn.net/Articles/266320/)
commit cddb8a5c14aa89810b40495d94d3d2a0faee6619
Author: Andrea Arcangeli <andrea@qumranet.com>
Date:   Mon Jul 28 15:46:29 2008 -0700
    mmu-notifiers: core

# Material
## Walk page tables
ptdump_walk_pgd_level_core
[Mannully va to pa](http://edsionte.com/techblog/archives/1966)


