
# asm
[GNU assembly Inline: what do %1 and %0 mean?](https://stackoverflow.com/questions/32855273/gnu-assembly-inline-what-do-1-and-0-mean)
matching constraints: https://stackoverflow.com/questions/57485761/what-does-the-0-9-constraint-do-in-gcc-inline-assembly

# Python

#Most useful shell commands for daily errands
# awk
netstat -n | awk '/^tcp/ {++S[$NF]} END {for(a in S) print a, S[a]}'
#eval
* create variable name
        __var="name"
        eval "export -- \"$__var=firo\""
        set | grep firo
        __var='name'
        bbb='firo'
#expr
expr "$name" : '\(.*\)\.conf'

#find
* find symbols in object 
        find . -name 'a.out' -exec nm -D {} \; -print
        find . -name '*.o' -print0 | xargs -0 nm -A | egrep ' (i|y)$'
* rm
find . -name ‘your_pattern*’ -exec rm -f {} \;
find . -name ‘your_pattern*’ -delete
# grep
-c: count of match
# ls 
-l: show hardlinks of file/dir in 2nd column
drwsrwsr-T: T stand for sticky bit no other execution bit 

# test -n is not equivalent to ! -z
Be caution! just juse -z and !-z 

# Parallel
[shell script: run a batch of N commands in parallel, wait for all to finish, run next N](https://serverfault.com/questions/259491/shell-script-run-a-batch-of-n-commands-in-parallel-wait-for-all-to-finish-run)

#pipe
find . -type d | while read d; do cnt=$(ls $d | grep tgz | wc -l); echo "$cnt $d"; done | sort -n >stat 
# ps
ps -fC vim
# wget 
wget -r -l1 --no-parent www.rfc-editor.org/ien/
'-A *.txt'
