[Programming tool](https://en.wikipedia.org/wiki/Programming_tool)
[Utility software](https://en.wikipedia.org/wiki/Utility_software)
# Code navigation tools
* ctags
ctags -R --regex-c="/^SYSCALL_DEFINE[0-9]?\(([a-zA-Z0-9_]*).*/sys_\1/"
* cscope
* GNU global

# Version control
* [git](http://git-scm.com/docs)
git ls-files -d |xargs -i git checkout {}
git log -S "RTN_UNSPEC" --source --all
* reverse find all the blame from start commit id to now
git blame --reverse 9e734775f7c22d2f89943ad6c745571f1930105f..   include/linux/netlink.h
* find kernel version of path
git describe --contains
git tag --contains <id>
* find commit id of a tag
git rev-parse v2.6.12-rc2
*  blame before a commit
git blame sha1^ -- path/to/file
* find commit after specific commit
git log  --oneline  --ancestry-path   c146066ab^^..HEAD  net/ipv4/ip_output.c
* find when line was deleted
git log -c -S'missingtext' /path/to/file
## git pull
git pull {repo} {remotebranchname}:{localbranchname}
git pull origin xyz:xyz
git pull next master:now
## git sendmail
shadowsocks
/etc/proxychains.conf
/home/firo/.gitconfig
proxychains git send-email --to dbaryshkov@gmail.com --cc rmk+kernel@arm.linux.org.uk --cc linux-pcmcia@lists.infradead.org  0001-Drivers-pcmcia-Fix-memroy-leak-in-sa11xx_drv_pcmcia_.patch
git send-email --smtp-encryption=tls --smtp-server=smtp.gmail.com --smtp-user=firogm@gmail.com --smtp-server-port=587 --to "kernel-janitors@vger.kernel.org" 0001-x86-Remove-unnecessary-void-pointer-casts.patch
##git diff
git -c core.whitespace=tab-in-indent diff --check

