
http://ales.jikos.cz/strace.txt.html
# problems
What are some problems that may arise from kernel live  patching support?
Changing a function's prototype may change the way this function is called, in terms of argument passing, at least. Thus, related callers must also be patched.


progam is stuck in linux/kernel
It seems to hang indefinitely

# Resignation and take rest 
https://www.google.com/search?newwindow=1&biw=1280&bih=652&ei=iZLVW5fZArTB0PEPlNSgsA8&q=after+resignation+I+take+a+3-month+rest&oq=after+resignation+I+take+a+3-month+rest&gs_l=psy-ab.3..33i299l3.35600.55708..55996...5.0..1.380.13951.1j0j19j27......0....1..gws-wiz.....0..0j0i67j0i131j0i22i30j33i22i29i30j33i160.-SHolffy9O8
https://www.quora.com/Is-it-wrong-to-resign-from-current-job-and-take-rest-for-couple-of-months
https://www.quora.com/Is-it-OK-to-quit-my-job-and-take-a-break-of-say-three-months-refresh-my-skills-learn-new-thing-and-still-find-a-job-after-that

# Phone problem
http://www.spiiker.com/study_details/spoken-47790364.html

# Map
英语面试你需要准备什么？ - 文森特爱学习的回答 - 知乎
https://www.zhihu.com/question/48051581/answer/355288141

# interaction
good afternoon
ask names
mention: Yes, Nancy, that's right.
## say again
Can you please repeat your question? I didn't hear your question clearly, the line was cutting off. 
Sorry, can you say it again?

# Common Interview Questions
https://www.themuse.com/advice/how-to-answer-the-31-most-common-interview-questions

# Competency based interviews
## star
situation, task required as a result
action you took
result of that action
## Car
context, action, result

# Professional questions

# Introduction
自我介绍就是介绍自己和这份工作的符合性
先列出这份工作要求什么
你目前做什么
进行一个对比
## elements
* tasks
* interactive

## template
good afternoon, My name is Firo Yang. According to the JD, it seems you are looking for . And I am also a in company

As far as I can understand from the JD, this job requires 
And my responsibility is taking charge of 
which includes 3 parts.
The first part
The second part
The third part
This is all what I'm currently doing and I guess it should be close to what you require. j
