
# Reference
[Intel IOMMU Pass Through Support](https://lwn.net/Articles/329174/)
https://www.kernel.org/doc/Documentation/Intel-IOMMU.txt
[userfaultfd](https://www.youtube.com/watch?v=xhOBc5L_Hkk)

[An Introduction to Virtualization](https://www.anandtech.com/show/2653)
# snapper
boot into a readonly snapshot
snapper rollback;
reboot

# VF
[1]: https://docs.microsoft.com/en-us/windows-hardware/drivers/network/sr-iov-vf-data-path
[2]: https://blog.scottlowe.org/2009/12/02/what-is-sr-iov/
[SR-IOV VF Data Path][1]
[What is SR-IOV][2]

# iommu
[DMAR 与 IOMMU](http://linuxperf.com/?p=67)

# KVM
[Learning KVM - implement your own Linux kernel](https://david942j.blogspot.com/2018/10/note-learning-kvm-implement-your-own.html)
[KVM源代码分析1:基本工作原理](http://oenhan.com/kvm-src-1)

# VMware
[Linux Kernel Coredump Analysis with Crash Utility](http://blog.dynofu.me/post/2015/08/31/crash-utility-tutorial.html)
https://www.vmware.com/pdf/snapshot2core_technote.pdf
https://vmware.github.io/photon/assets/files/html/3.0/photon_troubleshoot/investigating-the-guest-kernel.html
