# History
1956 Fritz Rudolf Güntsch’s doctoral dissertation
Logical Design of a Digital Computer with Multiple Asynchronous Rotating Drums and Automatic High Speed Memory Operation
[Origin of the virtual memory concept](https://ieeexplore.ieee.org/stamp/stamp.jsp?arnumber=1369143)

1959 Atlas prototype
[Working prototypes of paging had been developed by 1959.](http://160592857366.free.fr/joe/ebooks/ShareData/Before%20Memory%20was%20Virtual%20By%20Peter%20J.%20Denning%20from%20George%20Mason%20University.pdf)

1962 Paged VM on Atlas
[A Must-read on paging: One-Level Storage System](http://www.dcs.gla.ac.uk/~wpc/grcs/kilburn.pdf)
[A Must-read on virtual address space decoupling address and memory location: Dynamic Storage Allocation in the Atlas Computer, Including an Automatic Use of a Backing Store](https://users.soe.ucsc.edu/~sbrandt/221/Papers/History/fotheringham-cacm61.pdf)

1978
[The Manchester Mark I and Atlas: A Historical Perspective](https://dl.acm.org/citation.cfm?id=359331)

1979 Paged VM on Unix. 
[Design and Implementation of the Berkeley Virtual Memory Extensions to the UNIX Operating System](http://citeseerx.ist.psu.edu/viewdoc/download?doi=10.1.1.107.9119&rep=rep1&type=pdf)

1987
[Virtual Memory Architecture in SunOS](http://kos.enix.org/pub/gingell8.pdf)
[SunOS Virtual Memory Implementation](http://kos.enix.org/pub/sunos-vi.pdf)

# References
[PJD BEFORE MEMORY WAS VIRTUAL](http://denninginstitute.com/pjd/PUBS/bvm.pdf)
[PJD Virtual Memory 1970](http://denninginstitute.com/pjd/PUBS/VirtMem_1970.pdf)
[PJD VIRTUAL MEMORY II](http://denninginstitute.com/pjd/PUBS/vm.pdf)
[PJD Thrashing: Its causes and prevention](http://denninginstitute.com/pjd/PUBS/thrashing-1968.pdf)
[PJD The Locality Principle](http://denninginstitute.com/pjd/PUBS/CACMcols/cacmJul05.pdf)
[Memory part 3: Virtual Memory](https://lwn.net/Articles/253361/)
[Virtual Memory Architecture in SunOS](http://kos.enix.org/pub/gingell8.pdf)
[Virtual memory from Atlas](http://curation.cs.manchester.ac.uk/computer50/www.computer50.org/kgill/atlas/atdef.html):
[Tiled Virtual Memory for UNIX](https://www.usenix.org/legacy/publications/library/proceedings/sa92/franklin.pdf)
[SunOS Virtual Memory Implementation](https://pdfs.semanticscholar.org/c035/746e00023aa421b75bb2c8b2137f60bccd65.pdf)
[Design and Implementation of the Berkeley Virtual Memory Extensions to the UNIX† Operating System‡](http://citeseerx.ist.psu.edu/viewdoc/download?doi=10.1.1.107.9119&rep=rep1&type=pdf)
[Memory part 3: Virtual Memory](https://lwn.net/Articles/253361/)
[Machine-Independent Virtual Memory Management for Paged Uniprocessor and Multiprocessor Architectures](https://research.cs.wisc.edu/areas/os/Qual/papers/mach-memory.pdf)

> A system in which a process' workspace is held partly in high speed memory and partly on some slower and cheaper backing store. When the process refers to a memory location the system hardware detects whether or not the required location is physically present in memory and generates an interrupt if it is not, this allows, the system supervisor to transfer the required data area from backing store into memory.
Firo: seems not accurate, consider the kernel space.

# Address space
LDD 3rd: Address Types
[Virtual Memory I: the problem](https://lwn.net/Articles/75174/) 
vma, mm_rb: address space area
## mm_struct
History: commit b7c2deb6ea38080e7f6254b2d779b0bfce71eecb (tag: 1.1.11)
Author: Linus Torvalds <torvalds@linuxfoundation.org>
Date:   Fri Nov 23 15:09:29 2007 -0500
    Import 1.1.11
Firo: Isolate mm_struct from task_struct; no helpful comment.
