
[1]:http://x86.renejeschke.de/html/file_module_x86_id_147.html
[2]:https://en.wikipedia.org/wiki/X86-64#History_2
[3]: http://yarchive.net/comp/linux/x86-64.html
[4]: https://www.lri.fr/~filliatr/ens/compil/x86-64.pdf
[5]: https://software.intel.com/en-us/articles/introduction-to-x64-assembly
[6]: https://stackoverflow.com/questions/18447627/what-is-pc-relative-addressing-and-how-can-i-use-it-in-masm

[JMP:Here, the EIP register contains the address of the instruction following the JMP instruction][1]

# x86-64
[Introduction to x64 Assembly by Chris Lomont][5]
[Notes on x86-64 programming][4]
[IA-32e: Intel's name for this instruction set has changed several times.][2]
[Linus on Intel vs AMD x86-64][3]

<<<<<<< HEAD
# Go to x86-64
9.8.5 3A

# movabs
=======
# Truth on pc-relative on x86-32
jump/call are always pc-relative except register
Other adresses are always Absolute except register
>>>>>>> 10fcfd75b6eabf05737e63023e9790d0f2abc2c6
