# Health
## Skin sick
Clean

## Fitness
50 Minutes/ 10 Minutes 
10 push ups

# Time distribution
skills and creating

# Japan
## N1
Goal: 1000 ~ 2000 kanji, 10000 ~ 2000 words
Raw:
Timebound: 90 days
Method:
Days: 16 kanji, 160 words
Weeks:
Months:
Years: 

### Sign up before September 1st
https://jlpt.neea.cn/index.do
Date: Dec. 6th
### 33 years old OK?

# Kernel hacking
## Joining community
Goal: review patches, create fixes, get known
Raw: review patches
Timeboud: 
Method: 
Months:
Weeks:
Days:
### Mail client
offlineimap

# Overseas Job

# Work

# Money
## Dalian Hukou

New house

