#Clothing(no jeans)	Now											Future
aesthetics
* 大方合体美感
* 扔掉不合适的衣服
Tank tops		2 Playboy										
Sweatshirts & Hoodies	1 Adidas										+1
Boxer brief		2											+0 
T-shirt                 5											5               
Dress shirt		3											3(-2 + 2)
Thermal underware	0											1
Trousers		5											
Hoodies			1 adidas
Casual shorts           0											(+2)               
Sweatpants		3 anta, adidas, A&F
Down jackets/coats	2 null/ Jack jones
#Shoes
Sneaker			0					2 Converse and Warrior
Skate shoes		1	Nike				2
Slippers                1							new 1
#Accessories 
Scarf                   1		Cacuss 
Mask                    1
Gloves                  0               
Beanie			1	Whitebird
#Travel				
Luggage & Bag           Travalue bag            
#Accessory		Now						Future
Phone			Nexus 5
Laptop			Y460						Intel haswell | Chrome pixel

