Bebop and Swordfish II

http://designforhealth.net/
# Residency
Razor			Schick quatto titanium and hydro
Chair			Steelcase think chair
Mug			1		2
cotton-padded mattress/mattress pad

# Furniture
Bed
	1.5  B3013 原始原素实木床北欧现代简约橡木卧室插座床1.5米1.8双人床B3013 
	https://detail.tmall.com/item.htm?spm=a1z10.5-b-s.w4011-14812413098.99.20b046b4uuyuhp&id=40397828935&rn=733225cb6ccbda849e62128918901f61&abbucket=5&skuId=4555254896562

	Obseleted: 1.8 A7011 
	https://detail.tmall.com/item.htm?spm=a1z10.5-b-s.w4011-14812413098.117.20b046b4uuyuhp&id=534148492913&rn=733225cb6ccbda849e62128918901f61&abbucket=5&skuId=4749003899624

	1.8 5199 B3014 原始原素实木床高箱体床北欧简约卧室家具橡木储物大床特卖B3014
	https://detail.tmall.com/item.htm?spm=a1z10.5-b-s.w4011-14812413098.204.20b046b4uuyuhp&id=565035904944&rn=733225cb6ccbda849e62128918901f61&abbucket=5&skuId=4770019578840

Dining tbale
	1.4 A5112 3929.00 原始原素全实木餐桌现代简约小户型家用橡木饭桌餐桌椅组合A5112
	https://detail.tmall.com/item.htm?spm=a1z10.5-b-s.w4011-14812413098.79.7cc41c96hsLqGp&id=43576412836&rn=054f32b635d6c5ea5a5e1462fb24741f&abbucket=5

Desk
	1.4 B5112 (单饭桌) 
	https://detail.tmall.com/item.htm?spm=a1z10.5-b-s.w4011-14812413098.99.7cc41c96hsLqGp&id=593142551579&rn=054f32b635d6c5ea5a5e1462fb24741f&abbucket=5&skuId=4638949710656

Night table
	B3029 原始原素全实木床头柜简约现代北欧卧室床边柜储物柜收纳柜B3029
	https://detail.tmall.com/item.htm?spm=a1z10.5-b-s.w4011-14812413098.68.1cf3102cuUH9xr&id=596114202482&rn=2301f2c3c85aa2f6514b53fa745563bb&abbucket=5&sku_properties=29112:97926
	B3027 原始原素实木床头柜现代简约北欧卧室家具储物柜日式小柜子B3027
	https://detail.tmall.com/item.htm?spm=a1z10.5-b-s.w4011-14812413098.91.aa3b102cWuseyY&id=596275099745&rn=ecb058b8b17659588fd4671a09a04b2e&abbucket=5&sku_properties=29112:16541580

Sofa
	3+2
	https://detail.tmall.com/item.htm?spm=a1z10.5-b-s.w4011-14812413098.65.2cf8235cuCTZuX&id=592206802526&rn=4d23b9c5e7a08baa8fbde7aa4c54fcab&abbucket=5&skuId=4481605736290

Cupboard
	0.9 原始原素全实木餐边柜北美黑胡桃木环保美式餐厅储物柜特卖B5141
	https://detail.tmall.com/item.htm?spm=a1z10.5-b-s.w4011-14812413098.122.169d5c9fpoaIZF&id=586339760683&rn=c97f2134923841d83179a7ca0b4ac7c1&abbucket=5&sku_properties=13744110:79912

	1.16 原始原素全实木餐边柜黑胡桃木北欧现代简约置物架厨房储物G8141
	https://detail.tmall.com/item.htm?spm=a1z10.5-b-s.w4011-14812413098.235.169d5c9fpoaIZF&id=615708513624&rn=c97f2134923841d83179a7ca0b4ac7c1&abbucket=5&skuId=4723354334081

Coffee table
	1.3 原始原素全实木茶几简约现代客厅家具北欧小户型咖啡桌茶桌B3076
	https://detail.tmall.com/item.htm?spm=a1z10.5-b-s.w4011-14812413098.248.33bd1242GhhOww&id=637663698989&rn=b2b72b83069103e88f65c0886c97157d&abbucket=5&skuId=4747642370189

Chest of drawers
	原始原素全实木五斗柜现代简约卧室家具北美黑胡桃木储物柜B9031
	https://detail.tmall.com/item.htm?spm=a1z10.5-b-s.w4011-14812413098.231.bdc3606egSNaan&id=586893967028&rn=f541fdf7b7ebaf3c74b86a8da4d09c64&abbucket=5&sku_properties=29112:97926
