
#  自己做饭吃. 周二.
  shopping 锅.

* Move to Japan 去日本生活。
日语。工作。
日语：
JLPT 4 months and 20 days, 140 days in total.

* Koi - Love
https://www.youtube.com/watch?v=jhOVibLEDhA

* Eyes
https://v2ex.com/t/526428

* Clothing
短裤

* Sitting posture: 如何保持正确坐姿?

* Manage my capacity

* Etiquette

* 健康身体, 健身, 美体
健康的运动计划
早上运动.

* 治疗皮肤。
cure skin infections: 被单清洗.
祛疤, treat scars
https://www.zhihu.com/question/20705238
https://zhuanlan.zhihu.com/p/19954813

* kernel upstream
review patches.

# Balance work and life.
How? Limit time for work to 8 hours
Use Pomodoro to records how much time has been spent on work. Usually it takes 16 Pomodoro records.

# Money
我要300万年薪

# 概日リズム
22:45 go to bed 
23:00 sleep
07:00 get up

# Health and Habits
Sitting time: total 4 hrs?
Sleep
Body
Wash

# Eat, food
170g 糖尿病

# Skin
skin care

# Living place

# Japanese language

# Job in Japan
