# thoughts
唯独金钱才具备了绝对的好处。因为它并不只是满足某一具体的需要,而是满足抽象中的普遍
的多种需要。

我们应把手头上的财富视为能够抵御众多可能发生的不
幸和灾祸的城墙,这些财富并不是一纸任由我们寻欢作乐的许
可证, or 不花天酒地就对不起自己

如果一
个人从一开始就拥有足够的财产,能够享有真正的独立自足,
也就是说,可以不用操劳就能维持舒适的生活——甚至只够维
持本人而不包括他的家人就行——那就是一种弥足珍贵的优
越条件;因为这个人就能以此摆脱纠缠人生的匮乏和操劳,他
也就从大众的苦役中获得了解放——而这苦役本是凡夫俗子
的天然命运。只有得到命运如此垂青和眷顾的人,才是真正自
由的人。这样的人才成为自己的主人,是自己的时间和自己的.
力量的主宰。每天早晨他就可以说上一句:
“今天是属于我的”。


相比之下,如果一
个人继承了遗产,但却又不曾做出任何上述事情——哪怕他只
是尝试这样做,或者只是做出了点滴的成绩——或者,他甚至
没有试图细致地研究某一门学问,以支持和推动这门学问的发
展;那么,这样的人就只是一个可耻的无所事事者。这种人也
不会感到幸福,因为免除了贫穷只会把他引至人生的另一个痛
苦极端——无聊。

# 泛论
理性的人寻求的不是快乐而只是没有痛苦. --Aristote

# 如何对待自己
永远不要忘记:现在才是唯一真实和确切的;相比之下,
将来的发展几乎总是与我们的设想有所不同,甚至过去也与我
们对过去的回想有所出入。总的来说,不管将来还是过去,都
不是表面看上去的那么重要。距离相隔远了,物体在人的视觉
里就缩小了,但却在头脑思想里放大了。

只有现时才是真正的
和现实的。现时的时间包含现实的内容,我们的存在唯独就在
这一时间。因此,我们应该愉快地迎接现在此刻,从而有意识
地享受每一可忍受的、没有直接烦恼和痛苦的短暂时光,也就
是说,不要由于在过去我们的希望落 [130] 空现在就变得忧郁寡
由于懊恼过去和操
劳将来,我们拒绝美好的现在时光或者任意地糟蹋它,这可是
彻头彻尾的愚蠢做法。

歌德的美妙诗句“我从
不寄托希望在任何事情”其实就是说:只有当人挣脱了所有各
种可能的期望,从而返回赤裸和冰冷的存在本身,人才能领会
到精神上的安宁,而精神的安宁却是幸福的构成基础。如果人
要享受现时,乃至整个一生,精神的安宁是必不可少的。

要过一种深思熟虑的生活,并且能从生活经验中汲取一切
有益的教训,我们就必须勤于反省,经常回顾做过的事情和曾
经有过的感觉和体验;此外,还要把我们以前对事情的判断和
现在的看法,以前订下的计划及追求和最终得到的结果及满足
互相比较。

完全、真正的内心平和和感觉宁静——这是在这尘世间仅次于
健康的至高无上的恩物——也只有在一个人孤身独处 [138 的时
候才可觅到;而要长期保持这一心境,则只有深居简出才行。
这样,如果一个人自身既伟大又丰富,那么,这个人就能享受
到在这一贫乏的世上所能寻觅得到的最快活的状况

一个人的自身拥有越多,那么,别人能够给予他的
也就越少。正是这一自身充足的感觉使具有内在丰富价值的人
不愿为了与他人的交往而作出必需的、显而易见的牺牲;他们
更不可能会主动寻求这些交往而否定自我。

促使人们投身于社会交往的,是人们欠缺忍受孤独的能力
——在孤独中人们无法忍受自己。他们内心的厌烦和空虚驱使
他们热衷于与人交往和到外地旅行、观光。他们的精神思想欠
缺一种弹力,无法自己活动起来;因此,他们就试图通过喝酒
提升精神,不少人就是由此途径变成了酒鬼。出于同样的原因,
这些人需要得到来自外在的、持续不断的刺激——或者,更准
确地说,通过与其同一类的人的接触,他们才能获取最强烈的
刺激。一旦缺少了这种刺激,他们的精神思想就会在重负之下
沉沦,最终陷进一种悲惨的浑噩之中 [10] 。我们也可以说:这类
人都只各自拥有人性的理念之中的一小部分内容。因此,他们
需要得到他人的许多补充。只有这样,他们才能在某种程度上
获得人的完整意识。相比之下,一个完整、典型的人就是一个
独立的统一体,而不是人的统一体其中的一小部分。因此,这
个人的自身也就是充足完备的。
在这种意义上,我们可以把平
庸之辈比之于那些俄罗斯兽角乐器。每只兽角只能发出一个单
音,把所需的兽角恰当地凑在一起才能吹奏音乐。大众的精神
和气质单调、乏味,恰似那些只能发出单音的兽角乐器。确实,
不少人似乎毕生只有某种一成不变的见解,除此之外,就再也
没有能力产生其他的念头和思想了。由此不但解释清楚为什么
这些人是那样的无聊,同时也说明了他们何以如此热衷于与人
交往,尤其喜欢成群结队地活动。这就是人类的群居特性 [11] 。
人们单调的个性使他们无法忍受自己,“愚蠢的人饱受其愚蠢
所带来的疲累之苦”
。

我们在实施某一计划时,应该先把这一计划深思熟虑一
番;尽管每一个细节都已详细考虑完毕,我们仍然需要为人类
知识的有限和不足留下余地。因为总有可能会出现一些我们不
可能考虑到的或者无法预知的情况;这些情况一旦出现就会打
乱我们的全盘计划。
