# on subway 20:30 - 21:xx
## Reinvent kernel
## Reading
# 10:00 - 18:00
work better
# 18:00 - 20:30
## Reinvent kernel
upstream community
## The invisiable world
# 22:45
Sleep
# 12:00
show off
# 21:30 - 22:15
Fitness, physical training 
Interface
Reflection

# The desired state of life
Private space, house, estate.
Lyubischev
Sleep 11:00
Healthy and clean body
Clean room
Work interval.
Do fitness over work interval.

# Long-term behavior
Multitask
Push-up and deep squat

# Plan
The state of life
Health
Japan
Apply morgage/home loan for real estate, down payment
Cleanup
Practice English
Output
## Plan
What you want?
What you can do?
What you must do?

# Job, CS, kernel, Algorithm, leetcode
Remote
Upstream community
CS, kernel
Algorithm, leetcode

# Output

# Health

# Practice English

# Japan
Permanent residency: [来了！最短一年拿日本永住（绿卡）制度正式落地！超详细解析！](https://zhuanlan.zhihu.com/p/26596293) [分享一点关于日本移民及“高度专门职”签证的信息](https://ourcoders.com/thread/show/6782/)
N1

# Jay Chou周杰倫【晴天 Sunny Day】
https://www.youtube.com/watch?v=DYptgVvkVLQ&list=RDnkmN0IloYho&index=8
