# Fulfill, attain, realize
人的必备目标.
人生的目标.
合理时间评估.平均.
每日必做事和capacity
事情化并附加上时间限制, 而不是只要目标.
有想法意图, 先去做, 体会后, 在总结思考. 快!

# 人的必备目标
心, 身
吃, 住, 穿, 健身运动, 劳作
形象

# 人生的目标
Find someone to love and to be loved.
Move to Japan
人的必备目标
财富自由, 至少工作自由.

# 某一日必做的事
Eat 2 Cucumbers and buy Cucumbers
Slow change improvements
Sleep at 23:00
Pomodoro: 43 + 7; push-up
## Scheduler
7:30 wake up, sleep time 8.5 hr
08:30 工作
09:30 吃早饭
10:00 - 11:30
19:15 - 20:00 运动
21:00 - 22:00 chores
22:45 lie on bed and 23:00 Sleep

# Week goals, Month goals, Bimestrial goals, Season goals, Half-year goals

# Diet
2 or 3 eggs, 1 -2 orianges, 1 apple, 4 jujubes
stopped: cucumbers, tomato.
一天几餐, 怎么样健康.
## 早餐
早餐吃什么
明天第一顿早餐.

# 健身
身形, 身体构成:  Body fat: high 23.4, currenty 22.4, goal 17.4: 1% costs 2kg and two weeks.
Jul 31 - Aug 30: Hiit and jogging everyday

力量训练: 手臂, 胸, 腹部, 后背, 肩膀, 大腿. Pomodoro: push ups: 17 reps, 6 sets
心肺锻炼: 跑步, 出汗加快新陈代谢, 每日19:45 出去跑步, 18:00要吃晚饭, 16:45 开始买菜做饭. 30 minutes night jogging(Aug 30).
柔韧性: 拉伸
灵活/协调: zunba

N.B.
注意避开酸痛的部位，可以每天针对不同部位进行锻炼。
健身之后肌肉酸痛还要继续练吗？ - NAA夏的回答 - 知乎
https://www.zhihu.com/question/23477056/answer/271915441

## 减脂, 腹部减脂
晚饭少吃, 中晚补充水果和代食.
HIIT 运动(Jul 30 - Aug 12: 12 days)
Lose 0.4% body fat per 10 days.
### BFR
Jul 13: 23.3%, Aug 25: 21.6%, Aug 30: 21.8% (1.5%/45days, a little bit slow) ->  expected 18%
-4%
will not do this: 1.5%/45days = 0.03%/day = 0.2/week, 3.8%/0.2% = 19 weeks = 4months and 3weeks
### Weight
weight: Jul 13: 71.9kg -> Aug 30: 69.5kg -> ->expected: 65kg - 67kg
4.5-2.5kg: 2.5kg/43days = 0.05kg/day, 4.5kg/0.05kg = 90days
standard: 0.5kg/week, 4.5kg/0.5kg = 9 weeks = 63 days = 2 months

# 护肤, 消炎, 除菌, 不长新痘
3weeks: Jul 20 - Aug 10
衣服: 每天洗.
被褥: 新被单. 除螨虫.
1st week: Jul 20 - Jul 26 
肚子处使用FAC 和 BC
清洁身体: T 和 E 间隔使用.
2nd week: Jul 27 - Aug 2
肚子处使用FAC 和 BC效果, 并扩展到后背.
清洁身体: T 和 E, D间隔使用.
3rd week:
看效果定夺.

# 皮肤护理
## 面部护肤美白
1) 不熬夜, 早睡,22:45准备入睡, 23:00睡. 20:00点, 准时锻炼. 2) 防晒. 3)早晚清洗. 4) 小白瓶(Jul 29 - now)

## 黑痘印
VC 往背部黑色痘印位置使用. 每天观察效果.(postpone)
运动, 见健身.

## 黑斑, 痣.
脑垂体睡眠是退黑素.
昼夜节制:
Circadian rhythm
【科普】熬夜如何改变你的脸？bilibili.com/video/BV12f4y1v7LJ

# Appearance
Eyes: medical surgey

# 日语
声音为主: 听力, 朗读.
有效输入: 可理解.
Peak: 中文辅助 -> 日语(课程)辅助 -> 完全日语
初级上: 1) 语法与词汇框架. 2) anning 日语0-N1.
初级下: 1) 日语语法课. 2) 日语节目. 
中级: 1) 日语新闻, 日语技术文章, wikipedia. 2) 使用日语表达. 3) 与日本人交流.

7:30 - 9:30: two hrs, 21:00 - 23:00: two hrs

* Anning 
N3: 10 hrs(35.5): E15 - E50
N2: 14 hrs(32.5): E0 - E50
N1: 17 hrs(37.5): E0 -E50

Youtube Japanese course
Sep 13 - Oct 2: 出口日语

## Old plan 1
N1
发音- 9h, N5-61h, N4-54h, N3-36h, N2-33h, N1-41h.
9 + 61 + 54 + 36 + 33 + 41 = 234hr
Jul 26 - Nov 30: 125 day.
234 / 125 is about 2hr/day => 2 lessons/day
N5: Jul 26 - Aug 7, 13 days: 10 + 20 + 10 + 10
N4: Aug 8 - Aug 21, 14 days: 10 + 10 + 20 +10 +10
N3: Aug 23 - Sep 3, 12 days: 10  + 20 + 10 
N2: Sep 4 - Sep 11, 8 days: 20 +10 +10
N1: Sep 12 - Sep 19, 8 days: : 10 + 10 +20
Total: Jul 26 - Sep 19, 55 days.
7:30 - 9:30: two hrs

# Philosophy
Emergence and Complexity https://www.youtube.com/watch?v=o_ZuWbX-CyE
