# Physical exercise
有氧和无氧隔天锻炼.
Aerobic exercise: 跑步
Anaerobic exercise: 囚徒健身
一个20天计划, 一天6艺一式, 隔天自增第二式, 以此类推.
* Belly, Abdomen
Crunsh(Not Situps), Leg raise
1、配合有氧运动减脂，这是关键，否则仰卧起坐也不用做了，最好的减脂运动就是有氧运动，这个说来话长，不深入了；
2、每天都要对腹肌进行刺激，这样才能保证不退化；
3、放弃大强度疲劳训练；
4、腹肌训练放在每次训练的最后；
5、每次训练只要选择一个动作，做3组，每组20-30次即可，当然要达到有效地刺激；
* Chest,Pectorails
Dumbbell fly; Bench press; Pushups 30+1/day
* Back
Pull-up
* Shoulder,Deltoid
Front raise;Shoulder fly; Handstand push-up
* Arms, Biceps
Biceps up, Chin up
* Leg
* Eyes
* Ears
40 ~ 60 decibel, wear headset not beyond 3 ~ 4 hour, relax/half hour
* Masturbation
1 time two week


