# Fulfill, attain, realize
合理时间评估。平均.
每日必做事和capacity
Kama
反馈细分.

# 每日必做的事
Eat 2 Cucumbers and buy Cucumbers
面部护肤美白: 小白瓶(Jul29

# Pomodoro
30 + 5, 35
(8 * 60 - 15) / 35 = 13

# One day
7:30 wake up, sleep time 8.5 hr
日语30
08:30 工作
09:30 吃早饭
10:00 - 11:30
19:15 - 20:00 运动
21:00 - 22:00 chores
22:45 lie on bed and 23:00 Sleep
# Week goals, Month goals, Bimestrial goals, Season goals, Half-year goals

# Diet
2 eggs
cucumbers, tomato.

# 健身
身形, 身体构成: 
Body fat: high 23.4, currenty 22.4, goal 17.4: 1% costs 2kg and two weeks.
Jul 31 - Aug 30: Hiit and jogging everyday

力量训练:
手臂, 胸, 腹部, 后背, 肩膀, 大腿.

心肺锻炼
跑步, 出汗加快新陈代谢:
每日19:45 出去跑步, 18:00要吃晚饭, 16:45 开始买菜做饭.

柔韧性
拉伸

灵活/协调
zunba

注意避开酸痛的部位，可以每天针对不同部位进行锻炼。
健身之后肌肉酸痛还要继续练吗？ - NAA夏的回答 - 知乎
https://www.zhihu.com/question/23477056/answer/271915441
Pomodoro-5: 工作间隙, 碎片时间, 刻意练习, 拉伸运动

## 腹部减脂
晚饭少吃, 中晚补充水果和代食.
Hiit 运动.

# 消炎, 除菌, 不长新痘
3weeks: Jul 20 - Aug 10
衣服: 每天洗.
被褥: 新被单. 除螨虫.
1st week: Jul 20 - Jul 26 
肚子处使用FAC 和 BC
清洁身体: T 和 E 间隔使用.
2nd week: Jul 27 - Aug 2
肚子处使用FAC 和 BC效果, 并扩展到后背.
清洁身体: T 和 E, D间隔使用.
3rd week:
看效果定夺.

# 黑痘印
VC 往背部黑色痘印位置使用. 每天观察效果.(postpone)
运动, 见健身.

# 日语
N1
发音-9h, N5-61h, N4-54h, N3-36h, N2-33h, N1-41h.
9 + 61 + 54 + 36 + 33 + 41 = 234hr
Jul 26 - Nov 30: 125 day.
234 / 125 is about 2hr/day => 2 lessons/day

N5: Jul 26 - Aug 7, 13 days: 10 + 20 + 10 + 10
N4: Aug 8 - Aug 21, 14 days: 10 + 10 + 20 +10 +10
N3: Aug 23 - Sep 3, 12 days: 10  + 20 + 10 
N2: Sep 4 - Sep 11, 8 days: 20 +10 +10
N1: Sep 12 - Sep 19, 8 days: : 10 + 10 +20
Total: Jul 26 - Sep 19, 55 days.

7:30 -9:30: two hrs
# Philosophy
Emergence and Complexity https://www.youtube.com/watch?v=o_ZuWbX-CyE
