# Heal
## Back skin care
* Cleansing
Lab series multi-action face wash.One time per two days.
* Toning
Water, more water.
* Moisturizing
Kiehl‘s ultra facial cream!
* Exfoliants
For face, once a week.
## Remedies sinus

## Visual acuity
Never play phone at bed

## Body weight

# [Physical fitness](https://en.wikipedia.org/wiki/Physical_fitness)
Aerobic exercise
## Physical activity
Workouts
Abdominal obesity, beer belly
Drink 'Flat Tummy' Lemon Water
[15 Minute Belly Fat Workout](https://www.youtube.com/watch?v=n7O3Zjk1EYg)
Sitting Disease: Sit 25 mins then get up and walk around for 5 mins

# Behavior
tomato: 25-min concentration/focus and 5-min releax
Sleep: 8.5 hours
Night clean: 0.5 hr
Morning clean: 0.5 hr
Breakfast: 0.5 hr
Lunch: 1 hr
Dinner: 0.5 hr
Available time: 24 - 11.5 = 12.5 hrs 
## Workday time
Commute: 2 hrs 
Work: 8 hrs 
Available time: 2.5 hrs = 5 tomatoes
## Rest day time
Available time: 12.5 hrs

# Clean
Clean room and ealthy environment
Clean body
Sleep 8.5 hours

# Maintain life
Mantain life energy and feelings.
