# Desire and intention and Problems
Work from home or leave beijing or go to other countries.
Skin sick care: 1) go to hospital. 2) clean; 3) enough sports to sweeat.
Migrate to Japan: 1) N1. 2 Money.
Refrain from entertainment, phone, computers.

Health, Beauty, Comfort
A woman or not

# Work 
Work from home
## WFH


# Life states and behaviors
Shave off beard / 3 days
Sitting 25 minutes then walking 5 minutes
## Fitness
Fitness
Do fitness over work interval.
## Sleep
11 p.m. no phone on bed

# Diet

# Domicile in Japan
一个北漂的移民之路：我的生活需要一些改变丨看客: https://mp.weixin.qq.com/s/Ncf7TYwfC9WEuMTTonU1wQ
Permanent residency: 
[最短一年拿日本永住（绿卡）制度正式落地.](https://zhuanlan.zhihu.com/p/26596293) 
[分享一点关于日本移民及“高度专门职”签证的信息](https://ourcoders.com/thread/show/6782/)
N1

# Personal finance
Morgage for real estate

# Dwelling

