
行为就是我, 我就是我的行为.
# 待人
如何让人感到舒服. 
真诚, 温和, 善意, 礼貌.
坦诚, 自然. 
不知道怎么说, 显得扭捏做作. 真诚道歉

# 处理事物
分类, 
平静, 学会处理解决不了的问题.

# Healthy state
健康的状态是什么样呢?
基础代谢率
BMI: 25
体脂率: 23%; 目标17%.
Visceral fat: 11 https://www.zhihu.com/question/57917132
内脏脂肪怎么减？ - 雷宗扬的回答 - 知乎
https://www.zhihu.com/question/57917132/answer/217573347
肌肉量
体水分率

Body weight: 71.8 ~ 72.8
Body measurements: bust 93, waist 92, hip 96.5
shoulder width: 45
arm length: 62

# 肤质
如何辨别自己的肤质？
如何辨别自己的肤质？ - 张卉的回答 - 知乎
https://www.zhihu.com/question/27229546/answer/177729240

鸡皮肤应该用什么沐浴露？ - 金晓玲的回答 - 知乎
https://www.zhihu.com/question/51970958/answer/1935260437

# 自己的头皮发质

# 肌肤
健康肌肤的新陈代谢周期一般认为是28-35天


# body
每个健身者都应该知道——部位肌肉的功能以及锻炼方法 - 劍雲的文章 - 知乎
https://zhuanlan.zhihu.com/p/60300592


# Habits
* Clean and wash face: k1 face wash.
* 洗头: Otto Hahn 
* 洗身体: Otto Hahn
* Sitting posture: 
https://www.nhs.uk/live-well/exercise/common-posture-mistakes-and-fixes/
* 饭后: 站15分钟

* 力量训练
3 组, 每组10个 or 力竭
卷腹15个，侧卷腹每边15个，平卧抬腿15个，plank30秒，休息15秒，算作一组
俯卧撑
深蹲


