* 美白, 面部色素沉淀. 
Sleep at 23:00
Eat cucumber
防晒? 

如何改善脸色暗沉的状态？ - 苏甜甜的回答 - 知乎
https://www.zhihu.com/question/26849469/answer/1845068698
377

黄豆
面色暗黄怎么短时间改善？ - 管诺的回答 - 知乎
https://www.zhihu.com/question/29716022/answer/46755074

* Unknown back skin issue
皮脂腺皮脂分泌旺盛、出汗较多、清洁不及时不彻底导致的真菌性毛囊炎
要怎么有效去除后背的痘痘和痘印？ - 清华护肤易博士的回答 - 知乎
https://www.zhihu.com/question/31999255/answer/1743332463

背部皮肤治疗
运动 跑步流汗, 每天都跑. 

* 肚子上症状
皮肤 老化, 褶皱
患病期间吃素绿叶菜有助于拍毒
得了玫瑰糠疹怎么办? - littlejiu的回答 - 知乎
https://www.zhihu.com/question/28733133/answer/377881998

我身上得了玫瑰糠疹，现在已经不痒了，但是现在长疹子的地方皮肤都皱皱巴巴的，好像是老人脸上的皱纹一样，皮都是死死的，有的还在脱皮，请问这是怎么回事？
https://www.120ask.com/question/57945333.htm

色素性玫瑰糠疹?

* 消炎, 除菌, 清洁, malase
皮脂腺皮脂分泌旺盛、出汗较多、清洁不及时不彻底导致的真菌性毛囊炎
方法：
白天外涂联苯苄唑乳膏和夫西地酸乳膏，抑制菌真菌细菌。
晚上用酮康唑洗剂或者二硫化硒洗剂，隔一天一次，每次在皮肤停留5分钟后冲掉. 
一周明显效果(见视频).
联苯乳膏和夫西地酸一起使用吗 可
要怎么有效去除后背的痘痘和痘印？ - 清华护肤易博士的回答 - 知乎
https://www.zhihu.com/question/31999255/answer/1743332463

* 黑头

* 痘印
医用硅酮胶
科颜氏美白淡斑精华

* 红色痘印

豆豆消退后1-2周产生，需要先消炎; 
可以用露得清（a醇）、the ordinary、博乐达之类的产品; 
以及含有主打积雪草，甘草酸二钾的成分等
一周左右会有明显效果

消炎抗炎、收缩血管、促进循环
祛红印C位全能小助手——积雪草 - 芙原 积雪苷霜软膏 2.5%:20g
有什么办法可以祛痘印？ - 护肤颜究社-七七的回答 - 知乎
https://www.zhihu.com/question/56963310/answer/761070640

抗炎消炎舒缓补水：茜维纳水乳套装

痘印能完全消失吗？ - 清华护肤易博士的回答 - 知乎 https://www.zhihu.com/question/281248155/answer/1738576977

* 黑色素
【美白成分解析】黑色素是如何生成的 - 绯绯的文章 - 知乎
https://zhuanlan.zhihu.com/p/31449772

* 黑色痘印
维生素E 涂抹.

去malase and  类似背部 黑印
要怎么有效去除后背的痘痘和痘印？ - 坐看云起时丶的回答 - 知乎
https://www.zhihu.com/question/31999255/answer/1952671306

===
痘痘发炎后留下的色素沉淀，需要淡化色素
上面提到的酸类也可以加快黑色痘印淡化
或者有美白作用的精华
如：欧邦琪、城野医生377、薇诺娜、Olay小白瓶

脸上黑色痘印怎么办？色素沉着类型的痘印要这样去除: https://zhuanlan.zhihu.com/p/231561090
这篇专题让你彻底消除痘印 | 最强攻略: https://zhuanlan.zhihu.com/p/45517482
痘印自己能下去吗？ - 宋小野的回答 - 知乎: https://www.zhihu.com/question/305961143/answer/894330910

如何去除时间较长的黑色痘印? - 陈纯纯的回答 - 知乎https://www.zhihu.com/question/35300905/answer/1380420142

* 陈年顽固痘印
选择化学刷酸、光子嫩肤等美容手段
恢复期间冒出新的痘痘，也要治活动性痤疮

* Medicine
防晒
促进身体的新陈代谢: 适当运动、吃蔬菜水果、规律作息
加速新陈代谢: 维A酸及其衍生物（视黄醇、维A酯等）、果酸、水杨酸。
不饱和脂肪酸: 海鱼, 燕麦
omega3: 三文鱼
vc: 淡化黑色素


抗氧化: 视黄醇、辅酶Q10、维生素C及其衍生物（如3-O-乙基抗坏血酸）、维生素E及其衍生物（如生育酚乙酸酯），有这类成分的产品能帮你抗氧化哦~
美白成分：烟酰胺（抗炎＋美白）、377（苯乙基间苯二酚）、a-熊果苷、抗坏血酸（维生素C衍生物）、曲酸、传明酸等

化学剥脱: 水杨酸、ɑ羟基酸、三氯乙酸
博乐达水杨酸, 壬二酸、羟基乙酸
壬二酸:  壬二酸哪家强？4款壬二酸测评来啦！ https://www.bilibili.com/video/BV1az4y117qd
丹皮酚软膏

修丽可植萃色修

chu: 喜辽妥（Hirudoid）多磺酸粘多糖乳膏
chu: 积雪草 - 芙原 积雪苷霜软膏 2.5%:20g

氢醌 潜在致癌性物质，在我国被列入护肤品禁用成分。
