# Behavior & body
life/health.log

# Dwelling
life/dwelling.log

# Diet
life/diet.log

# Clothing.log
life/clothing.log

# CS
cs/

# Linguistics
linguistics/english.md
linguistics/japanese.log

# Psychology
钱能买来自由.

# Society
philosophy/china.log

# Philosophy
philosophy/epistemology.md

# Money
Programmer

# ETC
?

# Life
## Good order
My youth free feeling while watching Jay love before bc.
是的 就连一个国王也不能真正的随心所欲地生活 我们都只是随着命运的波浪漂流而已 直到我们最终离开这个世界 时间是有限的 而且命运在我们知道自己之前就会退去 在这个世界里 一定有一个人命中注定... 无论他的社会地位和阶层如何 我一定要知道我在这个世界真正的身份是什么！我命中注定的东西到底是什么？
“对于长途跋涉的旅人，能够在一个地方安顿下来是一件很不错的事情。可是我不喜欢啊。这个小镇小得让我沮丧，站在城东就能看见城西。就好像一出生就能看到死亡一样。” 
...... “我看着我的伙伴们，就能想到他们一辈子的模样：二十岁的时候娶一个天真的农家姑娘，生一群野草一样的小孩，三十岁的时候变成粗鲁的农民或者工匠，每天殴打粗笨的妻子和野蛮的孩子，四十岁的时候染了一身病变成半残废，>喝出一个啤酒肚在幻想中过活，五十岁或者六十岁，在一个寒冷的冬日冻死在街头或者野外。格斯，你告诉我，这样活着，和没有出生过有什么区别――人怎么能安于如此惨淡的生活呢？因为被生下来就浑浑噩噩地活下去，这样的人生，我不>能接受. 
"In this world, some people born are like keys that move the world and exist having no connection to the social hierarchy established by man."
"While many can pursue their dreams in solitude, other dreams are like great storms blowing hundreds, even thousands of dreams apart in their wake. Dreams breathe life into men and can cage them in suffering. Men live and die by their dreams. But long after they have been abandoned they still smolder deep in men's hearts. Some see nothing more than life and death. They are dead, for they have no dreams."
-在这个空壳一样的世界 有一样东西清晰印在我的脑海中
-每个人都很虚弱 因此我们紧紧地同我们的希望与梦想抱在一起 安慰也好 我渴望有人在我身边
