# From the nihilism
还原生命的本真与健康. 追寻自由，独立的意志.反抗剥削，压迫，奴役.反抗与逃离那些不被注意，却无处不在，弥漫在这个个社会上潜移默化地，悄无声息的使人变得畸形，制约个人自由的生长， 噤若寒蝉， 放弃生命本身自然的约束

# Clean and healthy environment
Clean room
Daily errands, chores

# Healthy, clean and strong boday
##[Work 25 minutes and get up and leave from screen 5 minutes][1] [久坐致命，锻炼无益？][2]
## Diet: 
No plastic lunch box; No junk food; Go out for lunch
Eye: Never play phone at bed
Workouts: 21:45 Physical exercises 30 ~ 45 minutes.
## Water
Quantify water
Drink a lot of water;
## Sleep: 
22:30 Sleep about 9 hours.Remedies sinus;07:00 Getting up.
## Clean: 
22:00 Wash face & Have a shower.
## Living Environment
Liveable City: H1B, Job offer, English
Noise from upper floor. 
## Back Skin: 
## Abdominal obesity, beer belly: 
25 minutes ...
Drink 'Flat Tummy' Lemon Water
https://www.youtube.com/watch?v=n7O3Zjk1EYg
## Living stuff

# Todo
buff/cache: what does buff mean in kernel

# Good philosophical minds
Watch only documentary, health, the real thing.
## Cyber-relationship addiction: 
douban, LOL game, bilibili: Don't access them any more.
## What to write

# Expolition, slavery
1. 经济作为现实中对人, 影响最大的因素, 我不能视而不见. 我在中国生活29年, 我所经历的苦难告诉我离开这里, 去一个富足文明的国家生活吧. 
2. 精神上的无形的压迫压迫. 
## Exodus
Forigin rich and free country: US
Fluent English: Word workout, Link words
Professional in working: Kernel patches, Kernel knowledge, Python, C
## kernel
Join kernel community:
### kerenl fundermental knowledge
FS, memory, process, interrupt, synchronization, hacking.
process schedule: loadbalancing.
Process Scheduling in Linux -- Volker Seeker from University of Edinburgh 
[Scheduling domains](https://lwn.net/Articles/80911/)

## English
Express, output

# Shopping
Ceramic knife
Exercise Mat

[1]: https://lifehacker.com/the-desk-jockeys-schedule-to-healthy-living-behind-a-d-516248751
[2]: https://www.guokr.com/article/437246/
