table base @ 0x7ff351c0
table @ 0x7ff351c0
   addr - 0x00000000
   r3   - 0x00000000
   pir  - 0x00000000
table @ 0x7ff35200
   addr - 0x00000000
   r3   - 0x00000000
   pir  - 0x00000000
table @ 0x7ff35240
   addr - 0x00000000
   r3   - 0x00000000
   pir  - 0x00000000
table @ 0x7ff35280
   addr - 0x00000000
   r3   - 0x00000000
   pir  - 0x00000000
table @ 0x7ff352c0
   addr - 0x00000000
   r3   - 0x00000000
   pir  - 0x00000000
table @ 0x7ff35300
   addr - 0x00000000
   r3   - 0x00000000
   pir  - 0x00000000
table @ 0x7ff35340
   addr - 0x00000000
   r3   - 0x00000000
   pir  - 0x00000000
table @ 0x7ff35380
   addr - 0x00000000
   r3   - 0x00000000
   pir  - 0x00000000
Firo: u-boot spin tbl addr d000
zzl: u-boot reg : 18874900
zzl: u-boot val(before) : 7ff351c0
zzl: u-boot val foo (before) : fffffff7fffffff4
zzl: u-boot val bar(before) : 7ff351c0
zzl: u-boot val(after) : 7ff351c0
Firo: u-boot val a
Firo: u-boot &val 7fe2db10
Firo: u-boot spin table 7ff351c0
Firo: u-boot &spin table 7ff351c0
Firo: u-boot size 64
Firo: u-boot spin tbl addr a
Firo: u-boot &spin tbl addr 7fe2db18
Firo: u-boot cpu id 0
Firo: u-boot tmp 2146652608
Firo u-boot:cpu release addr 7fe2db10, value 7ff351c0
Firo: u-boot spin tbl addr d000
zzl: u-boot reg : 18875156
zzl: u-boot val(before) : 7ff35200
zzl: u-boot val foo (before) : fffffff7fffffff4
zzl: u-boot val bar(before) : 7ff35200
zzl: u-boot val(after) : 7ff35200
Firo: u-boot val a
Firo: u-boot &val 7fe2db10
Firo: u-boot spin table 7ff351c0
Firo: u-boot &spin table 7ff351c0
Firo: u-boot size 64
Firo: u-boot spin tbl addr a
Firo: u-boot &spin tbl addr 7fe2db18
Firo: u-boot cpu id 1
Firo: u-boot tmp 2146652672
Firo u-boot:cpu release addr 7fe2db10, value 7ff35200
Firo: u-boot spin tbl addr d000
zzl: u-boot reg : 18875416
zzl: u-boot val(before) : 7ff35240
zzl: u-boot val foo (before) : fffffff7fffffff4
zzl: u-boot val bar(before) : 7ff35240
zzl: u-boot val(after) : 7ff35240
Firo: u-boot val a
Firo: u-boot &val 7fe2db10
Firo: u-boot spin table 7ff351c0
Firo: u-boot &spin table 7ff351c0
Firo: u-boot size 64
Firo: u-boot spin tbl addr a
Firo: u-boot &spin tbl addr 7fe2db18
Firo: u-boot cpu id 2
Firo: u-boot tmp 2146652736
Firo u-boot:cpu release addr 7fe2db10, value 7ff35240
Firo: u-boot spin tbl addr d000
zzl: u-boot reg : 18875676
zzl: u-boot val(before) : 7ff35280
zzl: u-boot val foo (before) : fffffff7fffffff4
zzl: u-boot val bar(before) : 7ff35280
zzl: u-boot val(after) : 7ff35280
Firo: u-boot val a
Firo: u-boot &val 7fe2db10
Firo: u-boot spin table 7ff351c0
Firo: u-boot &spin table 7ff351c0
Firo: u-boot size 64
Firo: u-boot spin tbl addr a
Firo: u-boot &spin tbl addr 7fe2db18
Firo: u-boot cpu id 3
Firo: u-boot tmp 2146652800
Firo u-boot:cpu release addr 7fe2db10, value 7ff35280
Firo: u-boot spin tbl addr d000
zzl: u-boot reg : 18875936
zzl: u-boot val(before) : 7ff352c0
zzl: u-boot val foo (before) : fffffff7fffffff4
zzl: u-boot val bar(before) : 7ff352c0
zzl: u-boot val(after) : 7ff352c0
Firo: u-boot val a
Firo: u-boot &val 7fe2db10
Firo: u-boot spin table 7ff351c0
Firo: u-boot &spin table 7ff351c0
Firo: u-boot size 64
Firo: u-boot spin tbl addr a
Firo: u-boot &spin tbl addr 7fe2db18
Firo: u-boot cpu id 4
Firo: u-boot tmp 2146652864
Firo u-boot:cpu release addr 7fe2db10, value 7ff352c0
Firo: u-boot spin tbl addr d000
zzl: u-boot reg : 18876196
zzl: u-boot val(before) : 7ff35300
zzl: u-boot val foo (before) : fffffff7fffffff4
zzl: u-boot val bar(before) : 7ff35300
zzl: u-boot val(after) : 7ff35300
Firo: u-boot val a
Firo: u-boot &val 7fe2db10
Firo: u-boot spin table 7ff351c0
Firo: u-boot &spin table 7ff351c0
Firo: u-boot size 64
Firo: u-boot spin tbl addr a
Firo: u-boot &spin tbl addr 7fe2db18
Firo: u-boot cpu id 5
Firo: u-boot tmp 2146652928
Firo u-boot:cpu release addr 7fe2db10, value 7ff35300
Firo: u-boot spin tbl addr d000
zzl: u-boot reg : 18876456
zzl: u-boot val(before) : 7ff35340
zzl: u-boot val foo (before) : fffffff7fffffff4
zzl: u-boot val bar(before) : 7ff35340
zzl: u-boot val(after) : 7ff35340
Firo: u-boot val a
Firo: u-boot &val 7fe2db10
Firo: u-boot spin table 7ff351c0
Firo: u-boot &spin table 7ff351c0
Firo: u-boot size 64
Firo: u-boot spin tbl addr a
Firo: u-boot &spin tbl addr 7fe2db18
Firo: u-boot cpu id 6
Firo: u-boot tmp 2146652992
Firo u-boot:cpu release addr 7fe2db10, value 7ff35340
Firo: u-boot spin tbl addr d000
zzl: u-boot reg : 18876716
zzl: u-boot val(before) : 7ff35380
zzl: u-boot val foo (before) : fffffff7fffffff4
zzl: u-boot val bar(before) : 7ff35380
zzl: u-boot val(after) : 7ff35380
Firo: u-boot val a
Firo: u-boot &val 7fe2db10
Firo: u-boot spin table 7ff351c0
Firo: u-boot &spin table 7ff351c0
Firo: u-boot size 64
Firo: u-boot spin tbl addr a
Firo: u-boot &spin tbl addr 7fe2db18
Firo: u-boot cpu id 7
Firo: u-boot tmp 2146653056
Firo u-boot:cpu release addr 7fe2db10, value 7ff35380
SIVA: Setting spin table address 7ff351c0

Kernel:
Firo:cpu nr1 release addr c3fdb5d4 * release addr 7ff35200, &release addr
ed0a3dc4 spin_table f1014200, &spin_table ed0a3dc0, ioremmappable 1
Firo: kernel origin spin tbale addr_l 0, pir 0, resv 0, r3 0, pa 50
Firo: kernel update spin tbale addr_l 50, pir 1, resv 0, r3 0
Firo: kernel timeout spin tbale addr_l 50, pir 1, resv 0, r3 0
smp_85xx_kick_cpu: timeout waiting for core 1 to ack
smp: failed starting cpu 1 (rc -2)
Firo:cpu nr2 release addr c3fdb7e8 * release addr 7ff35240, &release addr
ed0a3dc4 spin_table f1016240, &spin_table ed0a3dc0, ioremmappable 1
Firo: kernel origin spin tbale addr_l 0, pir 0, resv 0, r3 0, pa 50
Firo: kernel update spin tbale addr_l 50, pir 2, resv 0, r3 0
Firo: kernel timeout spin tbale addr_l 50, pir 2, resv 0, r3 0
smp_85xx_kick_cpu: timeout waiting for core 2 to ack
smp: failed starting cpu 2 (rc -2)
Firo:cpu nr3 release addr c3fdb9fc * release addr 7ff35280, &release addr
ed0a3dc4 spin_table f101e280, &spin_table ed0a3dc0, ioremmappable 1
Firo: kernel origin spin tbale addr_l 0, pir 0, resv 0, r3 0, pa 50
Firo: kernel update spin tbale addr_l 50, pir 3, resv 0, r3 0
Firo: kernel timeout spin tbale addr_l 50, pir 3, resv 0, r3 0
smp_85xx_kick_cpu: timeout waiting for core 3 to ack
smp: failed starting cpu 3 (rc -2)
