作者：文思泉
链接：
来源：知乎
著作权归作者所有。商业转载请联系作者获得授权，非商业转载请注明出处。

如何积累【输出型词汇】呢？按照如下个步骤：
1. 记忆单词拼法
2. 记忆单词发音
3. 记忆词性
4. 理解记忆单词英文意思（若一开始不习惯，可以先看中文解释，再看英文解释）
5. 理解记忆词汇搭配和例句
6. 造句练习（造句的个数不限，可以是三五个，也可以是八九个，已自己能灵活运用为准）
比如laid-back这个词，若要把它变成我们的【输出型词汇】，我们要按照下面的步骤去做：
1. 记忆单词拼法：laid-back
2. 记忆单词发音：/ ˏleɪdˈbæk/
3. 记忆词性：adj.
4. 理解记忆单词英文意思：If you describe someone as laid-back, you mean that they behave in a calm relaxed way as if nothing will ever worry them.
5. 理解记忆词汇搭配和例句：Nothing worried him, so he was really laid-back.6. 造句练习：Everyone here has a really laid-back attitude.
很多学生在记忆单词的时候，只做到了前3点，第4点记的是中文意思。第5点和第6点从来不有做过。根据中文意思臆测出来的用法，很大情况下是不准确的。所以我们一定要按照上述的步骤去做。

【输出型词汇】不用记多了，每天消化三五个就很好了。

坚持下来，英语作文和口语的语言质量会越来越好哒。

# active words
1. 理解记忆, 英文意思
2. 造句记忆
https://www.zhihu.com/question/30781969/answer/246286680

https://www.zhihu.com/question/20058435
brainstorm a conception
meaning negotiation practice new word
old word；remember sentence

现学现用，现用现学

如何提高英文写作水平？如何提高英文写作用词准确度？ - Michael 迈克尔的回答 - 知乎
https://www.zhihu.com/question/22528300/answer/334461931
