根据言语行为理论,我们说话的同时是在实施某种行为.根据言语行为理论,说话者说话时可能同时实施三种行为：言内行为（或称说话行为）（locutionary act） ,言
    外行
为（或称施事行为）（illocutionary act） 和言后行为（或称取效行为）（perlocutionary act）.
如：A对B说 请把那把小刀递给我
A所做的言语行为并不仅仅是言内行为,既不仅要求B理解字面意思,而且在做说话行为的同时,做了一个请求的“施事”行为,B领会了A的意思后,把小刀递给A而完成了言后
    行为

# https://www.douban.com/note/143886293/
1）中英2种说母语的人对动词的感觉是不一样的。 
我们更偏向于把一个以动词为核心的事件时间轴特性简化和压缩，我们对动词的感觉更像是把这个事件编个类似名词的名称。 
我们对事件本身的时间特性不关注，更关注对这个事件的感受，大家交流的也更多是对这个事件的感受。我们更关注形容词、副词的感觉。 
说英语母语的人可能不是像我们这样更注重对事件的心理感受，他们更关注这个事件的过程，更喜欢描述这个事件的过程。 
这不是说，说英语的人对事件感受没有兴趣，而是他们描述他们感受的方式与我们不同。 
他们更愿意把事件描述得更加生动和准确。人们不用可以去描述自己的感觉，大家都通过把具体事件描述清楚了，说与看的人会根据你描述的场景去感受的。不想我们要可以说出。 
中文的人们和语言更关注的是事件对人的感受。 
英文的人们和语言更注重的是事件过程的准确描述，说与听的人都去看你描述的事件是否生动和准确，再去产生各自内心的感受。 


“of”后面接上一个名词所构成的介词词组相当与那个名词词义的形容词词性
本文的核心是英语从句的语法.

我学了很多年英语语法, 从句这块始终感觉混乱从来没有神清气爽过.
先通俗定义从句.
什么是句子? 英语句子是以动词为核心构建的一句话.
当一个概念需要两个以上句子复合来完成含义的表述的时候. 句子之间就有了主次之分.
也就是主句和从句. 主句和从句是从语义角度来区分的.从句辅助主句完成语义的表达.

为什么我对英语的从句迷惑?就是因为为什么where一会可以引导定语从句一会又引导状语从句!
以这个为例<a href="http://www.joyen.net/article/other/5/201008/3179.html">关系副词Where在定语从句中的用法</a>和这个<a href="http://www.joyen.net/article/other/5/201008/3158.html">Where引导的地点状语从句.</a> 这两个解释基本和高中的时候老师说的一个套路.
下面开始:
2. In an hour, we can travel to places _____ would have taken our ancestors days to reach. 
　　 A. where B. when C. which D. what 
这个句子应该选which, 按照老师的讲法是因为which要在定语从句做主语, where不行, 因为他在定语从句中做地点状语.
看似合理, 再来, 下面是观海奥巴马的演讲一句话.
If there is anyone out there who still doubts that America is a place where all things are possible, who still wonders if the dream of our founders is alive in our time, who still questions the power of our democracy, tonight is your answer. 
这句里面第一个逗号之前的里面有个where.
If there is anyone out there who still doubts that America is a place where all things are possible...
没错, 按着老师的讲解这里where引导的是定语, 按照之前老师的思路这里where 在定语从句中充当状语的, 选择题就这么选, 肯定没错.
且慢, 这句Put it back where you found it. 在这句里面 where 就成了引导状语从句了.
对比两个从句:
where all things are possible
where you found it. 
它们长得一模一样, 主谓宾都齐全. 为什么一会是定语从句一会是状语从句?
实际上, where all things are possible 这个压根就不是定语从句.
他的完整名字, 应该是where引导状语从句起到了定语的做用.
也就是他就是状语从句! 如何证明.
英语有一类特定的副词可以 function as 起到定语的作用, 去修饰名词.
<a href="http://www.grammaring.com/relative-adverbs-where-when-why">Relative adverbs: WHERE, WHEN, WHY</a> 而where就在这一类!
我们发现英语知识, 在被我们先辈(包括国外)创造消化英语语法的过程中(我称之为知识割裂), 是以从句在主句中充当的成分, 即句法功能, 来分类从句(主语从句, 定语从句, 状语从句之类的). 也就是说他们不关心, 从句句子到底长什么样子! 
英语从句有3类分法:
1. 根据从句在主句充当的成分, 前面的主语从句, 定语从句, 状语从句之类的.
2. 根据和从句相似作用的词汇类型, 来分类, 比如名词从句, 形容词从句.
3. 根据句子的结构, 来分类从句.
我们接触到都是 1 和2 这两种, 更扯得是这两种经常混杂着一起出现.
我不知道为什么第三类分法几乎没在我门的语法世界出现过.
我是在看了<a href="https://book.douban.com/subject/1574849/">The Cambridge Grammar of the English Language</a>









