

More generally

Furthermore, many performance optimizations can also conserve energy.

In other words
In contrast, the speedup available from traditional single-threaded software optimizations can be much larger.

All else being equal

In either case,
in this case: 在这时


# in turn
in turn increasing productivity

# because
since
due to: be easy to understand due to their regular structure

# Thus 
Therefore

# so as to vs in order to
[in order to与so as to用法区别](http://web.etiantian.com/staticpages/study/question/question_5292245.htm)

# so much so that
[so much so that vs. so that](https://english.stackexchange.com/a/414119/27158)
The most effective parallel algorithms and systems exploit resource parallelism, so much so that it is usually wise to begin parallelization 

# besides
other than sth
much else besides
in addition


# as
## such as
Many traditional parallel-programming concerns such as deadlock, livelock, and transaction rollback stem from this coordination.

# as such
https://ell.stackexchange.com/a/37449/24401
https://m.eliteediting.com.au/but-why-can%E2%80%99t-i-use-%E2%80%98as-such%E2%80%99-instead-of-%E2%80%98therefore%E2%80%99/
https://brians.wsu.edu/2016/05/17/as-such/
