
# a
## æ: aC1`
before multiple consonants
final vowel in word
followed by 2 or more 
unstressed syllables
next syllable contains /ɨ/

## aigh/aig
eɪ: straight, compaign
# e
## e
ɛ: letter, beggar,
## Ce(C)/
+ stressed: i: these, secret
unstressed: ɪ: oldest, delay
## Cea
+ voiced C: eɪ: great, break
unvoiced C: i: each, teach
## ee
i: eel,sheep
## ie
i: thief, field
## ei
i: receive, deceit
## eigh
eɪ: weigh, sleigh,eight
## eo
i: people
# y
## y-
j: yellow, year
## -Cy
+ voiced C: aɪ: cry, my
unvoiced C: i: pretty
## CyC
ɪ: system, homonym
## -ye
+ stressed: aɪ: dye, bye, inbye, stye
unstressed: ɪ: barye
## -ay
eɪ: decay, play, stay
## -oy
ɔɪ: joy, boy
## Cey 
+ voiced C: eɪ: grey, obey
unvoiced C: i: key, monkey


