# voiced & unvoiced consonant
b d g v z ð dʒ ʒ w j l m n ŋ r 
p t k f s θ tʃ ʃ h
#	kk	dj	IPA	
[i]	[i]	[iː]	[iː]	seat
[ɪ]	[ɪ]	[ɪ]	[i]	sit 
[eɪ]	[e]	[ei]	[eɪ]	pain	/ā/
[ɛ]	[ɛ]	[e]	[e]	head
[æ]	[æ]	[æ]	[æ]	fat
[ɑ]	[ɑ]	[ɑː]	[ɑ]	hot	/ɒ/Oh/ short o, little ɔ
[o]	[o]	[əʊ]	[oʊ]	nose	/ō/
[ɔ]	[ɔ]	[ɔː]	[ɔ]	dog
[u]	[u]	[uː]	[u]	too
[ʊ]	[ʊ]	[ʊ]	[ʊ]	put
[ʌ]	[ʌ]	[ʌ]	[ʌ]	sun
[ə]	[ə]	[ə]	[ə]	again
[ɚ]	[ɚ]	[ər]	[ər]	player
[ɝ]	[ɝ]	[ɜː]	[ər]	bird
[aɪ]	[aɪ]	[aɪ]		pie
[aʊ]	[aʊ]	[aʊ]		house
[ɔɪ]	[ɔɪ]	[ɔɪ]		coin
[p]	[p]	[p]	[p]	pet
[t]	[t]	[t]	[t]	ten
[k]	[k]	[k]	[k]	key
[f]	[f]	[f]	[f]	fat
[s]	[s]	[s]	[s]	sing
[θ]	[θ]	[θ]	[θ]	thank
[ʃ]	[ʃ]	[ʃ]	[ʃ]	short
[tʃ]	[tʃ]	[tʃ]	[tʃ]	chair
[h]	[h]	[h]	[h]	hat
[b]	[b]	[b]	[b]	book
[d]	[d]	[d]	[d]	desk
[g]	[g]	[g]	[ɡ]	get
[v]	[v]	[v]	[v]	vest
[z]	[z]	[z]	[z]	zoo
[ð]	[ð]	[ð]	[ð]	this
[ʒ]	[ʒ]	[ʒ]	[ʒ]	large
[dʒ]	[dʒ]	[dʒ]	[dʒ]	john
[m]	[m]	[m]	[m]	mom
[n]	[n]	[n]	[n]	nose
[ŋ]	[ŋ]	[ŋ]	[ŋ]	sing
[l]	[l]	[l]	[l]	long
[r]	[r]	[r]	[ɹ]	red
[j]	[j]	[j]	[j]	yes
[w]	[w]	[w]	[w]	we
