signle step instruction
## Debug glibc
directory ~/ws/glibc-2.23/libio
set solib-search-path /usr/lib/debug/lib/x86_64-linux-gnu/

# opencore
## cat opencore.ini 
Generated by NetIQ GetCore Utility v1.2.09
Command line used: /opt/novell/eDirectory/bin/novell-getcore -b core.16422
Setup the GDB environment

set solib-absolute-prefix /fakedir
set solib-search-path ./ :.//lib64:.//lib64/security:.//opt/novell/eDirectory/lib64:.//opt/novell/lib64:.//usr/lib64:.//usr/lib64/gconv
set print max-symbolic-offset 1
set prompt #
set height 0

file .//opt/novell/sms/bin/smdrd # Load the core file
core ./core.16422

# cat opencore.sh 
#!/bin/sh
gdb --command=././opencore.ini

# Core dump
echo /tmp/core-%e-%p-%s-%c-%P > /proc/sys/kernel/core_pattern
[How to Use getappcore for SUSE Support](https://www.suse.com/support/kb/doc/?id=7018642)
