Extracting dmesg
-------------------------------------------------------------------------------

The dmesg log is saved to /kdump/mnt1/var/crash/2020-08-13-17:28/dmesg.txt.

makedumpfile Completed.
-------------------------------------------------------------------------------
Saving dump using makedumpfile
-------------------------------------------------------------------------------
Copying data                                      : [ 56.2 %] /           eta: 1s^C-------------------------------------------------------------------------------
Generating README              Finished.                                       
Copying System.map             Finished.                                       
Copying kernel                 Finished.                                       
umount: /kdump/mnt1/var/crash: not mounted
^C[FAILED] Failed to start Switch Root.
See 'systemctl status initrd-switch-root.service' for details.
/usr/bin/mkdir: line 4: /var/log/mkdir.366.log: No such file or directory
/usr/bin/mkdir: line 5: /usr/bin/mkdir.bak: No such file or directory
/usr/bin/mkdir: line 4: /var/log/mkdir.369.log: No such file or directory
/usr/bin/mkdir: line 5: /usr/bin/mkdir.bak: No such file or directory
/usr/bin/mkdir: line 4: /var/log/mkdir.375.log: No such file or directory
/usr/bin/mkdir: line 5: /usr/bin/mkdir.bak: No such file or directory
/sbin/rdsosreport: line 7: /run/initramfs/rdsosreport.txt: No such file or directory


Generating "/run/initramfs/rdsosreport.txt"


Entering emergency mode. Exit the shell to continue.
Type "journalctl" to view system logs.
You might want to save "/run/initramfs/rdsosreport.txt" to a USB stick or /boot
after mounting them and attach it to a bug report.


Recovery of btrfs file systems is not automated. We suggest you use
'btrfs check --readonly' first to see the if there's any damage and
what's the scope. Logging the output is a recommended for later analysis.

The option '--repair' must be used with care, be noted that it is
able to fix certain classes of errors but not all of them.
Give root password for maintenance


kdumptool  --debug calibrate
TRACE: KdumpTool::readConfiguration
TRACE: ConfigParser: Adding KDUMP_KERNELVER to variable list (default: '')
TRACE: ConfigParser: Adding KDUMP_CPUS to variable list (default: '1')
TRACE: ConfigParser: Adding KDUMP_COMMANDLINE to variable list (default: '')
TRACE: ConfigParser: Adding KDUMP_COMMANDLINE_APPEND to variable list (default: '')
TRACE: ConfigParser: Adding KEXEC_OPTIONS to variable list (default: '')
TRACE: ConfigParser: Adding MAKEDUMPFILE_OPTIONS to variable list (default: '')
TRACE: ConfigParser: Adding KDUMP_IMMEDIATE_REBOOT to variable list (default: 'yes')
TRACE: ConfigParser: Adding KDUMP_TRANSFER to variable list (default: '')
TRACE: ConfigParser: Adding KDUMP_SAVEDIR to variable list (default: '/var/log/dump')
TRACE: ConfigParser: Adding KDUMP_KEEP_OLD_DUMPS to variable list (default: '0')
TRACE: ConfigParser: Adding KDUMP_FREE_DISK_SIZE to variable list (default: '64')
TRACE: ConfigParser: Adding KDUMP_VERBOSE to variable list (default: '0')
TRACE: ConfigParser: Adding KDUMP_DUMPLEVEL to variable list (default: '31')
TRACE: ConfigParser: Adding KDUMP_DUMPFORMAT to variable list (default: 'compressed')
TRACE: ConfigParser: Adding KDUMP_CONTINUE_ON_ERROR to variable list (default: 'yes')
TRACE: ConfigParser: Adding KDUMP_REQUIRED_PROGRAMS to variable list (default: '')
TRACE: ConfigParser: Adding KDUMP_PRESCRIPT to variable list (default: '')
TRACE: ConfigParser: Adding KDUMP_POSTSCRIPT to variable list (default: '')
TRACE: ConfigParser: Adding KDUMP_COPY_KERNEL to variable list (default: 'yes')
TRACE: ConfigParser: Adding KDUMPTOOL_FLAGS to variable list (default: '')
TRACE: ConfigParser: Adding KDUMP_NETCONFIG to variable list (default: 'auto')
TRACE: ConfigParser: Adding KDUMP_NET_TIMEOUT to variable list (default: '30')
TRACE: ConfigParser: Adding KDUMP_SMTP_SERVER to variable list (default: '')
TRACE: ConfigParser: Adding KDUMP_SMTP_USER to variable list (default: '')
TRACE: ConfigParser: Adding KDUMP_SMTP_PASSWORD to variable list (default: '')
TRACE: ConfigParser: Adding KDUMP_NOTIFICATION_TO to variable list (default: '')
TRACE: ConfigParser: Adding KDUMP_NOTIFICATION_CC to variable list (default: '')
TRACE: ConfigParser: Adding KDUMP_HOST_KEY to variable list (default: '')
TRACE: ConfigParser: Adding KDUMP_SSH_IDENTITY to variable list (default: '')
TRACE: ProcessFilter::execute(/bin/sh, )
TRACE: SubProcess::spawn(/bin/sh, )
DEBUG: Forked child PID 3480
TRACE: SubProcess::wait() on 3480
DEBUG: PID 3480 exited with status 0x0000
TRACE: ShellConfigParser: Parsing line KDUMPTOOL_FLAGS=
TRACE: ShellConfigParser: Setting KDUMPTOOL_FLAGS to 
TRACE: ShellConfigParser: Parsing line KDUMP_COMMANDLINE=
TRACE: ShellConfigParser: Setting KDUMP_COMMANDLINE to 
TRACE: ShellConfigParser: Parsing line KDUMP_COMMANDLINE_APPEND=
TRACE: ShellConfigParser: Setting KDUMP_COMMANDLINE_APPEND to 
TRACE: ShellConfigParser: Parsing line KDUMP_CONTINUE_ON_ERROR=true
TRACE: ShellConfigParser: Setting KDUMP_CONTINUE_ON_ERROR to true
TRACE: ShellConfigParser: Parsing line KDUMP_COPY_KERNEL=yes
TRACE: ShellConfigParser: Setting KDUMP_COPY_KERNEL to yes
TRACE: ShellConfigParser: Parsing line KDUMP_CPUS=1
TRACE: ShellConfigParser: Setting KDUMP_CPUS to 1
TRACE: ShellConfigParser: Parsing line KDUMP_DUMPFORMAT=compressed
TRACE: ShellConfigParser: Setting KDUMP_DUMPFORMAT to compressed
TRACE: ShellConfigParser: Parsing line KDUMP_DUMPLEVEL=31
TRACE: ShellConfigParser: Setting KDUMP_DUMPLEVEL to 31
TRACE: ShellConfigParser: Parsing line KDUMP_FREE_DISK_SIZE=64
TRACE: ShellConfigParser: Setting KDUMP_FREE_DISK_SIZE to 64
TRACE: ShellConfigParser: Parsing line KDUMP_HOST_KEY=
TRACE: ShellConfigParser: Setting KDUMP_HOST_KEY to 
TRACE: ShellConfigParser: Parsing line KDUMP_IMMEDIATE_REBOOT=yes
TRACE: ShellConfigParser: Setting KDUMP_IMMEDIATE_REBOOT to yes
TRACE: ShellConfigParser: Parsing line KDUMP_KEEP_OLD_DUMPS=5
TRACE: ShellConfigParser: Setting KDUMP_KEEP_OLD_DUMPS to 5
TRACE: ShellConfigParser: Parsing line KDUMP_KERNELVER=
TRACE: ShellConfigParser: Setting KDUMP_KERNELVER to 
TRACE: ShellConfigParser: Parsing line KDUMP_NETCONFIG=auto
TRACE: ShellConfigParser: Setting KDUMP_NETCONFIG to auto
TRACE: ShellConfigParser: Parsing line KDUMP_NET_TIMEOUT=30
TRACE: ShellConfigParser: Setting KDUMP_NET_TIMEOUT to 30
TRACE: ShellConfigParser: Parsing line KDUMP_NOTIFICATION_CC=
TRACE: ShellConfigParser: Setting KDUMP_NOTIFICATION_CC to 
TRACE: ShellConfigParser: Parsing line KDUMP_NOTIFICATION_TO=
TRACE: ShellConfigParser: Setting KDUMP_NOTIFICATION_TO to 
TRACE: ShellConfigParser: Parsing line KDUMP_POSTSCRIPT=
TRACE: ShellConfigParser: Setting KDUMP_POSTSCRIPT to 
TRACE: ShellConfigParser: Parsing line KDUMP_PRESCRIPT=
TRACE: ShellConfigParser: Setting KDUMP_PRESCRIPT to 
TRACE: ShellConfigParser: Parsing line KDUMP_REQUIRED_PROGRAMS=
TRACE: ShellConfigParser: Setting KDUMP_REQUIRED_PROGRAMS to 
TRACE: ShellConfigParser: Parsing line KDUMP_SAVEDIR=file:///var/crash
TRACE: ShellConfigParser: Setting KDUMP_SAVEDIR to file:///var/crash
TRACE: ShellConfigParser: Parsing line KDUMP_SMTP_PASSWORD=
TRACE: ShellConfigParser: Setting KDUMP_SMTP_PASSWORD to 
TRACE: ShellConfigParser: Parsing line KDUMP_SMTP_SERVER=
TRACE: ShellConfigParser: Setting KDUMP_SMTP_SERVER to 
TRACE: ShellConfigParser: Parsing line KDUMP_SMTP_USER=
TRACE: ShellConfigParser: Setting KDUMP_SMTP_USER to 
TRACE: ShellConfigParser: Parsing line KDUMP_SSH_IDENTITY=
TRACE: ShellConfigParser: Setting KDUMP_SSH_IDENTITY to 
TRACE: ShellConfigParser: Parsing line KDUMP_TRANSFER=
TRACE: ShellConfigParser: Setting KDUMP_TRANSFER to 
TRACE: ShellConfigParser: Parsing line KDUMP_VERBOSE=3
TRACE: ShellConfigParser: Setting KDUMP_VERBOSE to 3
TRACE: ShellConfigParser: Parsing line KEXEC_OPTIONS=
TRACE: ShellConfigParser: Setting KEXEC_OPTIONS to 
TRACE: ShellConfigParser: Parsing line MAKEDUMPFILE_OPTIONS=
TRACE: ShellConfigParser: Setting MAKEDUMPFILE_OPTIONS to 
TRACE: Calibrate::execute()
DEBUG: Hypervisor type: 
DEBUG: Guest type: 
DEBUG: Guest variant: 
TRACE: URLParser::URLParser(file:///var/crash)
TRACE: Scheme explicitly set to file
DEBUG: URL parsed as: protocol=file, host=, port=-1, username=, password=, path=/var/crash
DEBUG: Expected total RAM: 1048031 KiB
DEBUG: Memory needed at boot: 90112 KiB
TRACE: Framebuffers::size()
TRACE: FileUtil::listdir(/sys/class/graphics,N12Framebuffers9DirFilterE)
DEBUG: Found framebuffer: fb0
DEBUG: Framebuffer virtual size: 1024x768
DEBUG: Framebuffer stride: 4096 bytes
DEBUG: Total size of all framebuffers: 3145728 bytes
DEBUG: Found slabinfo version 2.1
DEBUG: Adding 152 KiB for Acpi-Operand slab cache
DEBUG: Adding 20 KiB for Acpi-ParseExt slab cache
DEBUG: Adding 256 KiB for Acpi-State slab cache
DEBUG: Adding 156 KiB for ftrace_event_field slab cache
DEBUG: Total assumed CPUs: 1
DEBUG: Estimated bitmap size: 64 KiB
DEBUG: Total userspace: 57504 KiB
DEBUG: Dirty pagecache: 34776 KiB
DEBUG: In-flight I/O: 2174 KiB
DEBUG: Assumed load offset: 0 KiB
DEBUG: Large kernel hashes: 308 KiB
DEBUG: Maximum memmap size: 2752 KiB
DEBUG: Total run-time size: 176946 KiB
Total: 1023
DEBUG: Estimated crash area base: 0x35000000
Low: 0
High: 173
MinLow: 0
MaxLow: 1022
MinHigh: 0
MaxHigh: 1022
TRACE: getErrorCode: Returning error code of 0
TRACE: KdumpTool::~KdumpTool()

