# Biology
Maintain energy, inclination and disposition, 25 minutes
[Brain Rules](https://book.douban.com/review/2987631/)
[Learning How to Learn](https://zhuanlan.zhihu.com/p/25787003)

# Cognitive Psychology 
[你有什么值得分享的高效学习方法？ - 高冷冷的回答 - 知乎](https://www.zhihu.com/question/50343728/answer/407127160)
The sense of achievement, [Showing-off](https://www.zhihu.com/question/30178891/answer/205055193)
## Encoding
## Storage
Chapter 6 section 1: 记忆还依赖于人的已有的知识结构,只有当输入的信息以不同形式汇入人脑中已有的知识系统时,新的信息才能在头脑中更好地巩固下来。
## Retrieval and Repeat 
复习是学习之母。”每一本重要的书籍都必须一气呵成连续读上两遍。原因之一是在阅读第二遍的时候,我们会更好地理解书中内容的整体关联,而只有知道了书的结尾才会明白书的开头;原因之二就是在第二次阅读的时候,我们的心境、情绪与
在第一次阅读时已经有所不同。这样,我们获得的印象也会不一样。情形就好比在不同光线之下审视同一样的物体 --论阅读与书籍
精细进行复述是存储信息最有效的方法,它是指把要记住的内容和已有的知识经验联系起来。存储是信息编码和提取的中间环节,它在记忆过程中有着重要的作用。 - 普通心理学 Chapter 6 section 1
## Focus
## Reward Mechanism: gay science, showoff
## Neural circuit: Chunk
Different behavoir; different circuit; Defines different you. [Neuroplasticity](https://en.wikipedia.org/wiki/Neuroplasticity)
Formulation of neural circuit: [Focus](https://nickgreenquist.github.io/blog/miscl/2018/04/10/Learning-How-to-Learn.html)
## Memory
[The Magical Number Seven, Plus or Minus Two: Some Limits on our Capacity for Processing Information](http://psychclassics.yorku.ca/Miller/)
Weak, frail, vulnerable: Repeatition and recall

# [Learning How to Learn](https://www.coursera.org/learn/learning-how-to-learn)
Focused mode vs diffuse mode; Sequential Thinking vs Holistic Thinking
Working Memory and Long-term Memory
Chuck: focus, understanding, pratice
[Neural pattern and Spaced Repetition](https://www.coursera.org/learn/learning-how-to-learn/lecture/3YLAF/practice-makes-permanent)
Recall, sleep
Visual Spatial Centers
Metaphor and Analogy
Interleaving
Illusion of Competence and Vicariousness: watch game news; read  kernel book on the implementation
Overlearning
Einstellung

# The drawbacks of cognition
## The results of cognition - Thoughts and reality
Incomplete, wrong, fiddled
[知识的局限性](http://www.qunzh.com/qkzx/gwqk/dzxt/2015/201502/201505/t20150508_9523.html) 碎片化的知识无用, 碎片化知识切割人生.
Law of the hammer.
## Subjective assume
过份相信主观能力. 看懂内核代码, 非常耗时, 困难(实现对应的signifiers 非常难找, 有些时候还有歧义, 如packet_rcv的PACKET_LOOPBACK), 费时费力不等于学到的多, 往往意味相反.
Trying harder doesn't mean effectness. 不要感动自己, 方法不对,越努力差距越大.
## Loss function
Imperfect Understanding and radical fallibity are the natue of human.
## Vicariousness
看别人的实现, 不仅不能学到知识, 更为糟糕的是破坏了自己的创造力.
时间花在别人的实现上, 就没有自己的实现了.

