## My horrible learning history
* IP fragmention/defragmention
iphdr->id, iphdr->frag_off
skb_shared_info->frag_list
ip_fragment/ip_defrag
[Updated Specification of the IPv4 ID Field](http://tools.ietf.org/html/rfc6864)
* send
ip_append_data 和ip_push_pending_frames弄frag_list
ip_push_pending_frames -> __ ip_make_skb & ip_send_skb ->ip_local_out
把sk->sk_write_queue上的数据最后编程skb链表变成了, 还skb pull掉了潜在的ip 头部
第一个skb->frag_list的成员. 用的不太多啊.
ip_append_data中间出了以为如果可以ufo 那么就到frags的碗里去!
否则就生成一串skb挂到&sk->sk_write_queue上,
1. Badly encoded
2. Unable to associate with existed knowledge.
3. Unable to retrieve


### Cases
* On reading kernel source code
很多内容是不可避免的被忘记,  终究还是被忘记了, 记了就是浪费时间. 而什么能留下来呢, 我从2012年2月开始看Linux Kernel source codes 源代码, 几乎所有核心的内核代码都看了, 看了忘, 忘了看. 方法不对, 浪费了很多时间, 直>到2018年9月, 历时6年7个月. 人生最美好的时间段, 仅仅换了个教训, 唉.
a) What I learned from learning English and Kernel
做事情, 方法不对, 越努力越悲惨. 只有努力绝对不会成功, 相反会很悲惨.努力人人可以, 世界也不缺少努力的人.
* Fan shuangshuang network stack, kernel, and English
Broke the Law because of overconfident subjective understanding and memory ability.(Subjective assume and Lack of quantatifications)
* Learn kernel and this country and world
我之前喜欢抱着大部头的专业书籍看，其实那是事倍功半的努力。学而不思则罔, 书籍让我记住了现成的“事实”，却没有给我产生出这些知识的能力.
除了浸沉于书籍之海不做别的事情的学者……最后则是完全丧失了为自己而思考的才能。除非有一本书在手里，他就不能思考。当他思考，他只是反应一种刺激即他所看到的别人的思想，结果他所做的一切都是反应.--Why I Am So Clever  Section8
* English
目标不清楚, 目标模糊没有量化; 方法也没有量化. Subjective assume and Lack of quantatifications
Unconfident.
