你到底想要表达什么？  欲望太深，  人变得畏首畏尾， 忘了自己。内心状态。 对自己真诚。No need to try to be polite. 怼。心， 本真。be yourself. are you trying to say sth. 外界干扰， 虚伪的活着。不要说样版话， 沉迷景观。我以前不用weixin. 我不能背叛我。

血战， 最惨烈战争。

I can use it without understanding it. use(create) vs understanding.

符号恐惧, no symbols; only meaning. 不同人用不同符号，指代 相同含义。

Observable, or tools-assisted testing(假设验证）, or inference reasoning。
imperfect understanding. 总有反例。
直观: 范围。scope，viewshed。intention。 以观察为主的草图。 上来可能是看去很笨的方法。问题本身可能很复杂但观察本身很简单wide out时间与空间， 不要上来分析复杂， 因为实际非常复杂即便是简单的问题， 目的答案终点限定范围目标。直观控制一切。
intention，问题就是答案; 越具体越好， 只要够细，问题就能成为答案。
行动点
动态

具现化 事实
实例化 practical, applied,  concrete, actual, real

具象化，
简化等价, 确定问题

工具化， practical 快，简单
reasoning: feedback verified, 目的化 Yes or no.
问题

# ETC
https://en.wikipedia.org/wiki/List_of_cognitive_biases
https://en.wikipedia.org/wiki/Observation

https://www.yueyao1982.com/reconstr_phil/index.html
