我感Jibunkanjiru - Firo的世界(我不管别人, 我要做到最好)

Change, Time
I world interactions
细腻. 心事静静流淌.
找回自己的感觉.
感觉是什么? 有什么组成, 真实, 细腻,连接自己与目标的世界.

# 感觉
无法改变未来, 未来未来, 不曾拥有, 能改变的只有现在, 且转瞬即逝.
不情愿与真是代价. 忍受?
现在通向未来. 未来是无数个现在的组合.
细腻, 真实, 贴切, 连续, what's your feeling? 转瞬
只有一个想法是不够的, not so easy. 不是某个词, 而是你需要them all.
连续: 时间上的连续.

方法就藏在实际操作中. 不拍脑袋.

现在时进化.

最低限度。

# Change
世无定法.

# Time
平和适度相处.
不要浪费时间, 不要胡思乱想.  自怨自艾.
问自己现在应该做什么? 之后去做.

# desire & feelings & expectations
从心出发.模糊平均的开始, 在做的过程中慢慢调整.
柄:由很少点去带动其他部分. 
人之于事物的感觉: 含义, 声音, 文字, 图像, 感觉.
人是在模糊中前进. 平静的做事, 凡事都会有结果.

他们非常非常讲究概括与思考的能力，总结出大的方向，再抽取主干，然后围绕主干进行一级实施，二级实施，最后辅助收尾这样一种高效的模式，

人生套件. 理论太多, 碎片太多 - anning998 n4 26you2.

variety

一个具体的实例/事例/点击破

世界是慢慢地改变的.

成品怎么样, 很多时候不是我们能决定的. 彭于晏.
要有信念.
这个世界值得你奋斗吗?

感觉就是复盘.

Lack Of Information;

没有明确界限.

感是什么 就是反馈! 感受就是意义.

每日必做之事, 只要坚持收获巨大, 无数点滴努力, 最终汇聚.
 时间要紧的事, 比如寻找爱人.

事可分为不需要太多思考, 只要重复做就好.
另外需要细心思考, 类似刻意训练, 提高那一部分.

思想是种子, 习惯啊, 才是力量.

# effectiveness
重复, 迭代. deliberate practice, 时间之力, 刻意练习-渐变. 日积月累-积少成多. 

生活本身是牵一发而动全身.  环环相扣, 相互影响.
穿梭于其中.

时间先后.

快.(快速大量).宏观, 大浪淘沙.
不需要做准备.要做的事, 立马去做. 你需要准备什么, 只有做了才知道.

有意识 and focus.

思想本身是无力的！ https://www.kernel.org/doc/Documentation/cgroup-v1/devices.txt
至少要形成习惯.

# capacity
分配一天的capacity. 自控能力有限, 后按部就班.
效果: 真实, 反馈, 结果, 不仅是结果, 前期, 方法. 都要考虑.

不要相信意志力这种东西

# Time
治愈迷茫和焦虑的良药，那就是学习， 提升自己。
-- anning 【直播回听】如何高效背诵日语单词？56：40

# 我
I: apologize to me for losing myself.

慎独!

了解自己， 自己的感受。人的感受是那么重要。不安是重要的事！
欲望不是简单的一个词， 而是很多词汇要精挑细选， 小心维护。 比如， 好好生活和精致生活，后者更明确，更有导向性。
人就是欲望。 需要努力时， 欲望如此脆弱。像个种子，需要各种培养和保护。如同火， it burns you。
不能相信无意识成长, 人的欲望和社会他人的欲望导致人的被欲望支配， 欲望是生物自身为生存而诞生， 当然也可能是野蛮的， 无度。
 面对这个世界吧！面对你自己吧。what to do?
这个世界有很多事，importance priority,  抓重点，高屋建瓴，time-priority(do as soon as possible).
Handle multiple goals during every period of life.

人要成为自己， 要发现自己。是我的自我的塑造， 雕刻。自律。
我必须出发寻找,我的意义.人生必须成长.

平静, 坚决, 温和/温善, 有主见, 懂得自我保护/prime。
人都是行为, 行为组成了人. 只用行为描述自己.
少年贪玩，青年迷恋爱情，壮年汲汲于成名成家，暮年自安于自欺欺人。-yangjiang
undefined behaviors

Capacity 知道自己哪天能做到什么程度， 什么自己做不到。确定能做的范围。
习惯,渐变, Brave. 直接。 What is your base? no base. do things; no base. things has base。

Imperfection 感知无力/盲区。像没有特定的方法去做事， 很多很多事， 说不清楚的，因为了解少， 只有边做。
Mind capacity is not enough to handle this complex world.
War of attention!
形感不足:符号摄入过多,形象不足之后得到的感受
List of cognitive biases; 恐惧,畏首畏尾

# 与我交互的世界 - 生活

Hokanohido, 没有别人， 全靠自己。

# Interactions
人做事， 这到底意味着什么呢？ 欲望与感受。
感受有两种， 1) 欲望被逐渐满足的感受。欲感。 2), 另外， 是对满足欲望的方式/过程的感受。做感。
最初的时候， 通常不能找到非常合适的方法， 需要边做，边体会。 也就是做感。

到底什么是事？ 欲望实现器。
欲望-> 计划，想法->行动。行动才有结果。

Iterative and incremental
变化是一点点的， 不要小看一点点的因素（提升）。改变不意味着成功，但是成功必然是始于这一点点的开始。 
每个小的因素， 都可以帮你改变， 不要以为事小， 就不做了。
step by step
non-sequential, random, OKR
Waterfall model
deliberate practice

形象化, observable。

Smart（Specific，Measurable， attainable，Realistic , Time-bound）
Time：do it as early as possible, but mildly.

具现化，实例化， practical, applied,  concrete, actual, real

工具化
柄, 少, priority list， OKR。问题本身可能很复杂但实际只要看几个点（layers， points）， 这些点能撑起这个框架。少即是多：一方面，研究得越多，就越容易忽略基础但根本的事情；另一方面，行动能将事情剥丝抽茧，直至剩下尽可能简单的模型。
The Paradox of Choice: Why More Is Less
but single-minded are always prone  to be erroneous.
拆分成小的任务。

Intuition。还原细化问题。concepts, 框架攻击，费曼，具象化：简化等价, 确定问题; 表格分类法（de ni： destination)， 目标与起始。

I can use it without understanding it.  没有人担心那些不懂空气动力学定理或不会解运动方程式的孩童们学不会骑自行车. Antifragile 14.2 
血战， 最惨烈战争（提升）。

做一件事本身就是复杂的。所以任何方法， 结果本身都是不靠普的。critical thinking.  我们可以依靠什么呢？ 其一，因果律。因果不明， 因果错位。 所以每个步骤都有问题。即便是看似简单的stey by step. 
世无定法， 多种方法一起用，多角度看问题。
人是在模糊中前进的。

# 决定的焦虑
实则是缺少体验，感受，不了解。
不求最好，永远有更好的， 适合就好。
决定失望，人总会犯错的。
