# The origins
* Life time/生死/to be, or not to be.
* concurrent
* Don't Expect Too Much.There is no perfect. Troubles come one by one. It will disapoint you finally.
* Nothing new under the sun.
* If one thing is a must, do it now.
* Our minds is always fickle, unstable, vacillating. Sometimes the important side is that our minds is partial, biased, unreliable. We cannot rely on it.
* Just-in-time and Just-in-case
Causality order  quantities change relation.
Storage: access diffent
Computing: diffent object
dependency, direction
Scalable
Cthulhu, unkonw world, hard to measure, unfalsifiable, unreality, unfathomable, Indeterminacy, unmeasurable, imponderable,indefinite, 
Repeat, irregularity, complexity
onset, nuclus, coda
Completeness, consistency, validity, soundness. -- Logic
The whole is other than the sum of the parts. --Gestalt psychology
Schedule: Distributing the workloads across resources.
Resource: Track, Using alloc, Return

[Mental Models: The Best Way to Make Intelligent Decisions (109 Models Explained)](https://fs.blog/mental-models/)
[Model thinking](https://www.coursera.org/learn/model-thinking/home/welcome)
Seeking Wisdom
[Forms of knowledge](https://www.tandfonline.com/doi/abs/10.1080/0305569810070103?journalCode=ceds20)
[知识的形式](http://terms.naer.edu.tw/detail/1306716/)
Poor Charlie's Almanack

Nothing new under the sun.
Ideology

# origins of knowledge
模仿实践 vs 理性分析实践.
