Change, 
Map: I world interactions

# 我
I: apology to me for losing myself.
什么是我？ 什么可能是我？
不能相信无意识成长人的欲望和社会他人的欲望导致人的被欲望支配， 欲望是生物自身为生存而诞生， 当然也可能是野蛮的， 无度。人要成为自己， 要发现自己。
我是我的自我的塑造， 雕刻。自律。
做一个温善， 有主见， 懂得自我保护, prime的人。
不安是重要的事！

 面对这个世界吧！面对你自己吧。what to do?
这个世界有很多事，importance priority,  抓重点，高屋建瓴，time-priority(do as soon as possible).
Handle multiple goals during every period of life.

What is your capacity 知道自己哪天能做到什么程度， 什么自己做不到。确定能做的范围。
Imperfection感知无力/盲区。
Mind capacity is not enough to handle this complex world.
形感不足:符号摄入过多,形象不足之后得到的感受
List of cognitive biases

恐惧,畏首畏尾
Brave. 直接。 What is your base? no base. do things; no base. things has base。

# 与我交互的世界 - 生活
与你相交的世界是你的世界， 我世界的交互就是我的生活。 你所处的世界的周围的人， 对世界的改变就类似韵律一样， 如果和你的生活习惯， 喜好不匹配， 那生活就会痛苦。我与世界的交互就是我的生活， 我可以选择改变， 当改变不了，也不愿意忍受痛苦是我会去新的世界。
## Hokanohido
没有别人， 全靠自己

# Interactions
变化是一点点的， 不要小看一点点的因素（提升）。改变不意味着成功， 但是成功必然是始于这一点点的开始。

人做事， 这到底意味着什么呢？ 目标，结果，我的结果，过程，反馈。实际上做一件事本身就是复杂的。所以任何方法， 结果本身都是不靠普的。critical thinking.  我们可以依靠什么呢？ 其一，因果律。

step by step vs nonsequential, random, okr
step by step, Waterfall model vs Iterative and incremental，大量自然选择。
deliberate practice
血战， 最惨烈战争（提升）。
I can use it without understanding it.  没有人担心那些不懂空气动力学定理或不会解运动方程式的孩童们学不会骑自行车. Antifragile 14.2 
世无定法， 多种方法一起用，多角度看问题。critical thinking。

priority list，少， OKR。问题本身可能很复杂但实际只要看几个点（layers， points）， 这些点能撑起这个框架。少即是多：一方面，研究得越多，就越容易忽略基础但根本的事情；另一方面，行动能将事情剥丝抽茧，直至剩下尽可能简单的模型。
The Paradox of Choice: Why More Is Less

Time's aspect. Do it as early as possible, but mildly.

Intention，concepts, 框架攻击，费曼
具象化，
简化等价, 确定问题; 
表格分类法（de ni： destination...)

Smart（Specific，Measurable， attainable，Realistic , Time-bound）; time is precious and must be allocated. Plan without time is nothing.
具体化
越具体越好， 只要够细，问题就能成为答案。
Observable
具现化 事实
实例化 practical, applied,  concrete, actual, real

工具化， practical 快，简单
