---
tags: [ firo ] 
title: My Career
date: 2015-07-26T15:46:11+08:00 
category: firo
---

无论是位高权重的政治家, 富贵显荣的商人, 亦或是蝇营狗苟的市侩之人等等, 所有芸芸众生
每日莫不是为了谋生而奔走. 长久的活着是一种负担.
忙碌的生活, 难以审视自己的人生. 今天坐下来, 谈谈这个话题.

毫无已问, 从小到大, 即便是为曾到达的未来, 工作都占据了我们据大多数时间, 当然X二代
不在此列. 在这个社会, 即便每日辛劳的工作, 绝大多数人, 依然连自己卑微的梦想都无法实现.
今天, 我不谈政治层面的原因. 只想从个人角度, 去剖析人与工作之间的关系.

英文[career](https://en.wikipedia.org/wiki/Career), 在维基给出了基本的解释:

	A career is an individual's journey through learning, work and other aspects of life.
词源上是由马车引出的人生之路的涵义. 而中文, 生涯出自《庄子·养生主》：“吾生也有涯，而知也无涯。”
我们今天主要谈两个问题, 人生的马车和人生的"涯".
我的职业生涯始于大学, 童年时期热爱电子游戏, 导致大学选择了计算机科学这个行业. 到今天整整过去了
7个年头, 不短了. 本人只敢自称勤奋之人, 大学伊始至今, 绝大多数时光都在勤奋治学, 未曾懈怠.
大学毕业三年, 依然没有实现自己当初的愿望, a remote kernel hacker. 这个目标完全是个人喜好, 性格使然.
同时也受限于我个人的视野.
1. 我喜欢自由, 所以不希望自己被束缚在办公室里面, 我期望那种一边旅行一边工作的生活.
所以纯个人脑力的工作是我的第一选择, programmer, 作家,都在此列, 而且我也很喜欢且擅长这样的工作.
2. 我喜欢开放的东西, 开源的软件就成了我的选择, kernel, openstack, 都是那时的选择.
3. 我喜欢有挑战的事情, 11年一起在sina实习的同学, 现在是openstack的remote开发者了, 
当初我们一起去的, 我最后选择了kernel, 源于我认为kernel会更靠近计算机科学.
我对web相关的技术有偏见,觉得缺乏深度且很多与用户体验相关.
其实很多[职位](http://careers.stackoverflow.com/jobs/remote)都是可以remote的不限于open source的, 而且相对于
kernel和openstack的remote工作机会更多. 
4. 我认为社会风气不好, 会对计算机这个行业有影响, 我更侧重选择纯技术的方向, 原理web, 具体业务.
这就是当时的思考, 当初的视野太狭隘了,主观臆断太严重.
这个时候薪资都不在考虑之列, 以为做喜欢的事就很开心了.
大学4年都在逃课, 专业知识, 都是仿照MIT和Computer ScienceCurriculum 2008自己设计出来的.
大学一年级, 看各种游戏的书, 
大学二年级做机器人的比赛还有和艺术学院合作的事情, 
大二下学期开始基础linux,看apue 还有unp这些书, 开始搞搜索引擎
大三的时候看了csapp, 还有组合数学
大四上学期基本上没干什么事, 10月份就去sina实习了, 下学期开始看内核.
虽然一直都很忙, 但是没学到什么东西. 
我放弃了sina的offer, 毕业(12年7月)后整整有一年时间没有工作了.
一直到次年13年的9月才开始去极路由工作.到今年15年5月离职.
现在以外包的形式在windriver的ccm team 工作.
这就是我职业生涯的7年时光, 过得很坎坷. 

# Work style
* Plan the day.
What need to do.
Prioritization.
Focus on.

# Yet another plan
English
Kernel patches 500 commits
Work achievement
Problem solving/pattern
FIXME in knowledge_map.md
Passport H1B Offer

# Interview
## 关于薪资问题
全面回答包括股票期权. 
real background.
期望的薪资别说太低, 往上也别说的太死, 比预期要高.
说更关注职业发展.

## 想面试公司提出的问题
* NO1. 我所应聘的这个职位为什么会出现空缺？
如果空, 空多长时间, 因为什么原因空的.
如果这个职位是新近才出现的，或许你就拥有了一个理想的、开辟属于自己的道路的机会。
* NO2. 请问贵公司最成功的员工为公司做出了什么样的贡献？
谁对公司贡献最大, 谁领导之类的, 做了什么? 有那些优秀品质. 了解公司文化.
面试管, 可能认为你是志在成功公司最优秀的员工之一.
* NO3.如何评估自己在三个月试用期内的工作表现？何种标准算成功？
该职位遇到的最大的挑战是什么?
了解公司做事风格, 是否稳重成熟. 排除不靠谱公司, 谁知道半年后他们
能干出什么? 谨慎对待抛出橄榄枝.
* NO5.目前公司所面对的最大的挑战有哪些？
这个编程比如说内核在公司的位置, 是否是中心.
* NO6.公司如何来保证人才不流失？
长期的意愿, 这个问题比较屌.
* NO7.请问您为什么要为这家公司工作呢？
连面试官自己都不知道为什么要为这家公司工作，你觉得这样的公司会给员工提供多少机会呢？
去面试工作，是一个相互合作的过程，并不是说哪一方成为主导。你为公司工作，公司给你报酬。

而对所有公司来说它总希望找到那一种类似合作伙伴的员工而不是仅仅是来打工的。
所以，在面试的时候除了展示你自身特长和文化外，还要表现出一个对公司前景关心和一种参与者的心态来。
这样能让公司的管理者对你更有好感！这不仅为了进入这个公司也为了以后的发展.
