# Todo
* Leave Beijing
|-H1B
|-Job offer
|-English
* Do everything in accrodance with this todo list
* Fluent English
|-Word workout
|-Link words
* Professional in working
|-Kernel patches
|-Kernel knowledge
|-Python
|-C
* Health strong body
|-Sleep at 22:30
|-Remedies sinus
|-Drink a lot of water.
|-Avoid eating junk food as much as possible.
* Good philosophical minds
* Daily errands, chores
Enroll EVUS
Draw out 500 cash
Renew ID card.
Buy Pixel 2 tempered glass film
Buy Pixel 2
cotton-padded mattress/mattress pad

# 10/19/2017
Get Passport with US B1/B2 Visa.
Get residence permit.


# Diet
Vegetarin/Vegen
protein, iron, zinc, B12
Low sugar, CH
100 grams/per week
No processed meat`
纤维vegetables

# Physical exercise
有氧和无氧隔天锻炼.
Aerobic exercise: 跑步
Anaerobic exercise: 囚徒健身
一个20天计划, 一天6艺一式, 隔天自增第二式, 以此类推.
* Belly, Abdomen
Crunsh(Not Situps), Leg raise
1、配合有氧运动减脂，这是关键，否则仰卧起坐也不用做了，最好的减脂运动就是有氧运动，这个说来话长，不深入了；
2、每天都要对腹肌进行刺激，这样才能保证不退化；
3、放弃大强度疲劳训练；
4、腹肌训练放在每次训练的最后；
5、每次训练只要选择一个动作，做3组，每组20-30次即可，当然要达到有效地刺激；
* Chest,Pectorails
Dumbbell fly; Bench press; Pushups 30+1/day
* Back
Pull-up
* Shoulder,Deltoid
Front raise;Shoulder fly; Handstand push-up
* Arms, Biceps
Biceps up, Chin up
* Leg
* Eyes
* Ears
40 ~ 60 decibel, wear headset not beyond 3 ~ 4 hour, relax/half hour
* Masturbation
1 time two week

## Skin care
* Cleansing
Lab series multi-action face wash.One time per two days.
* Toning
Water, more water.
* Moisturizing
Kiehl‘s ultra facial cream!
* Exfoliants
For face, once a week.

# Personal finance
## Personal budget
18200 * 12 = 20400

# Life schedule
21:45 Physical exercises 30 ~ 45 minutes.
22:00 Wash face & Have a shower.
22:30 Sleep about 7.5 hours. Do not watch phone or pad.
07:00 Getting up.

# Time
Father: 24/SEP/1963
Mother: 29/FEB/1968
zebkhdjl85769@yeah.net
----
