---
title: the_sail_of_golden_time
date: 2015-02-27T15:46:13+08:00 
category: firo
---
In my childhood,I have the habit that keep diary. 《奇特的一生》 is a edification to me.
岁月的帆，渐行渐远，没必要浪费珍贵的它去思考没有价值的事情。
The sail of time (岁月的帆)

	1989
	9/13:born in Hei Longjiang province in China.
	1990
	。。。

	2008
	Freshmen in Dlnu
	2009
	Sophomore in Dlnu
	2010
	Junior in Dlnu
	2011
	Senior in Dlnu.
	9/17
	经历了，大半个月，又回到了创新了，呵呵！济民他们还挺有生气的～～
	平静的时候，看看自己，又成长了不少。安心下来，把该做的都做了。至于结果，一起期待吧～～
	1.Discrete and combinatorial mathematics & Enumerative Combinatorics Volume 1 second edition
	2.Design Pattern in C++
	3.RegExp
	4.tube
	5.C++
	6.Algorithm.

	9/24
	思过
	昨天看了cuitianyi的resume，感觉差距越来越大了，我就开始思考到底怎么回事？自己可以说是非常努力了，怎么差距这么大？
	高考结束时，19年， 明白了，人应该努力有所成就，玩乐的童年在高二就结束了。
	现在大四伊始，大学都过了3年，又明白了一个道理，只是心理想着努力，一直努力着是不够的。这也许就是cuitianyi所说的：“
	Overcome cognitive biases and practice the art of human rationality”
	对于我来说非常贴切！一直以来，我都在用自己的世界观，看待这个世界，并实践着！突然意识到，开眼看世界的观念从不过时，个人或国家都如此。
	虽说到现在连去Baidu实习都是个问题，不过还是对自己很满意的！回想从大二下学期5月到现在one years and 6 months。做过的尝试与努力，可以自豪了。
	现在，又是新的开始，要怎么才能变得优秀，在技术上成为想cuitianyi一样的牛人，在生活，做一个知性、阳光的人。
	肚子饿了，回来继续～～
	过去虽然做了很多努力，但是最重要的是，我只注重了知识的获取，却完全忽略了知识的吸收！花费了很多时间接触很广的知识，但是，注定失败的是，我忽略正常的知识吸收过程，太多“不用”的知识注定了，很快被遗忘。同时，真正需要注意的知识也没记牢，得不偿失！！这是失败的原因！
	这样打算的10/9号的百度笔试，看了下10/4必须投简历了，要去试试无论成败，我有了自己的规划——成为一个技术牛人。
	0.学以致用！用不到，离现实太远的知识坚决不学，顶多只做了解！
	1.不能陷入自我为主的世界观里，要不断的和外界接触。Github是最好的地方。
	2.以前珍惜时间的学习方法是对的，但现在要感受活在当下，要做一个优秀的人，而不是一个只会不断投时间的人！
	3.术业有专攻，我的精力和能力有限。必须专攻一个方面。
	4.基础的知识是以后发展的基石，挑最重要的
	4.1数学是世界知识的精华！初期专注与离散数学和组合数学。数学是对问题的诠释。
	4.2算法是计算机知识的精华。算法是求解问题的思想。
	5.真正技术牛人是什么样子？不断思考总结指导自己。
	思想的转变
	之前的想法是想着接触知识，中心是知识；而现在中心是使用！
	新规划
	1.以参与 商业 和 开源的 正规的项目为中心，学以致用。知识学再多，没有使用过就学的不到家，不完整，甚至等于没学。
	2.数学&算法每天都要抽点时间看看！

	9/26
	新的知识体系划分
	1.Mathematics & algorithms
	2.Foundations of CS 每天抽点时间看看。
	3.Entry level of cs Framwork knowledge.Practicalness and aplication knowledge.
	Regexp
	Shell
	Python
	Design Pattern

	9/29
	我只想找个好工作，之后向喜欢的女生表白而已，不用这么难吧！
	3天的 淘宝招聘。
	第一天笔试，自己答得还可以61分，貌似还挺高的，呵呵。
	第二天，中午接到面试通知。
	第三天，面试，早上6点就起来了，9点多才到大工。之后就是一上午面了3轮，挺紧张的。下午是hr的面试，问了几个问题就过了。
	同去的同学，面的是算法，回来的路上就接到offer了，果然厉害。昨天4点回来就开始等。。。一晚上没消息。。。现在是上午9点半如果直到今天晚上，也是音信全无的话，估计是默拒了。。相信自己，都付出那么多的努力了。。。如果真的不成，我也有了方向，我的弱点是，项目实践太少了。所以接下来，不知多久的一段时间，我要做些项目。。。同时把自己的算法提升上来其他的没有了。。。不想给自己安排那么多的事情，我真得累了，虽然这不应该是一个20出头的人该说的话。以前付出了那么多的努力，在今日看来多半是无用功。也许大一的时候就和周济民一起搞算法，也许，现在会是别样的精彩吧。太多的也许了。总之，前事不忘后事之师。我还有时间去弥补。

	10/14
	过了这么久了。。。。

	10/15
	将军去了北方。

	10/19
	1.23号 启程去sina
	2.决定继续等待小米。。。i9100价格 和续航始终是心病。
	3.该说的话，还是没有说。最后，送她些参考书，也许就这样了。。。女生的心事，还真是难猜呀。。。
	4.明天去旅顺。。。和家人待两天，23号，北漂
	5.下午问下老师课程的事。。。回去洗衣服整理下。。。
	6.买车票

	10/24
	Intern in sws

	11/3
	sina工作整整10天了。
	也许只是刚开始入门吧，兴趣和激情不那么大。下午有那么一瞬间想去找创业的学长们。。。

	11/30
	I am very sad that I lost Wang xingsi(Cynthia).
	Tow and half years contract with phone mail. It's all my fault.

	12/02
	眼看这11年就过去了。今年相比去年，学习效率大大折扣呀。周日要回学校了。终于可以自己高密度和强度的学习了。sina的环境始终比不上学校，特别是早上上班的40多分钟路。还有各种琐事。
	最心疼的事，这是我这一年来最心碎的事了。*有男友了就在一个星期之前。而我，就这么错过了她。那么做了那么多的事还有多大的意义呢？
	心都空了。这件事主要怨我这么长时间里。竟然。。。。。啊，自己好该死呀。。。。让她平白受了这么多苦，与磨难。
	我要一直等下去。就是这样。也许某一天时间会把我们聚合在一起。。。我就这么等着吧。
	况且他的男友也不错，毕竟是她自己选择的嘛。应该不会太差。
	我现在的情况左右为难，我不能盼着他们分手。同时我还希望他们分手。分手？可能吗？我现在能做什么。等待，除了等待，我还能做什么？都是我的错。
	又能怎么办？昨天晚上一晚上没睡。心里难受死了。。。我无所适从！公司也看不下去了。好在明天周末了。也要回学校了。
	其他的呢做个实习总结吧。
	1.最强烈的学校效率极低。
	2.公司整体技术氛围不够浓厚，也许是初期缘故吧，同事关系还不错。
	3.公司安排做的事太繁琐了，很多东西完全在耗费时间。我一直想安下心来搞点技术，没搞成。
	4.自己学的东西，还行。
	5.上下班比较浪费时间。另外住的房子没暖气，和学习的桌椅客观条件又造成了学习效率下降。
	就这些吧，自己偶尔也有要走的想法。还成。
	回学校前的规划
	1.周日（或周1）回学校了。明天买票。
	2.等了那么久，小米终于要到了，还没发货。明后天应该能到 那上小米就走。
	3.明天还要理发。
	4.明早把行李收拾下。
	5.整理好箱子，不想拿了，看看吧。
	6.kernel书带上。

	12/04
	Come back to Dlnu. Finally, I get Mi phone.

	12/06
	I know that person Yue yun jiu.

	12/10
	是的，我想应该到这里结束了。从巨大的悲伤走了出来。10天多了，代码没敲，kernel也没研究。总之，也就到这里了。
	如果我不小心伤害了你，就请原谅我吧。如果需要什么帮助。我就在你身边。

	12/11
	生活终于回复正轨了。不说再见，我们还是朋友。。。
	我要开始新的生活了，祝福你。昨天看了《那些年我们一起追的女生》。
	额。。。又是一天。已经多少能接受*离开的事实了。。。。12天。。。。
	开始听http://douban.fm/
	终于要开始了kernel之旅。akasha 也要继续了。。。
	这几天 晚上玩手机了。。。早上起来晚呀。
	1.明天去旅顺，三年没见过奶奶了，那时候爷爷还在世。。。。
	2.暂时主要的精力投入到kernel kvm
	3.akasha 的相关module的设计和 完善慢慢的丰富起来。
	4.结合akasha，应用到生活中。要锻炼了，让自己更优秀。

	12/14
	终于开始学习了。也许颓废也是一种美。整整15天，半个月。数数那些荒废的日子。

	12/17
	慢慢恢复学习的状态中。
	我对linux kernel犹如宗教一样痴迷。。
	昨晚给*打了电话，都结束了。今天约*t爬山。。总觉得对不起她。是的很多事都被我搞砸了。不是消极。我想着自己度过这一生就可以了。想想牛顿。我要做一个自己都不知道会如何的人。akasha继续。今天买了衣服。学就好好学。玩就好好玩。就这样了。

	12/26
	linux kernel 入门工作完成了。英语提高了不少，自己可以感觉到。
	***，也慢慢的归于平静了。
	Stand alone complex：很优秀，从中发现了，一直以来虽然每天都来创新学习，可是心底却没有一个强烈的火。这个的根本原因是因为，现在做的事不是我内心中，真正想做的事。得到了启发。
	那我真正想去做的事，是什么？
	快速改变，仿似自己有意识的想停留在这个状态当中一样。虽然内心受着煎熬，可是还算能忍受也就这么的过着。看似，自己在努力的去挣脱现在的生活状态，实际上去只是在变相的逃避而已。
	1.生的意义在于身边的人，父母，亲朋，以及短暂相遇的人，你不是独自存在。而和他人相处时，你的做了什么才是最终要的。存在在于他人。
	2.你的存在状态的好坏和你的生存状态无关，旅顺，学校，sina，地铁，社会。现实和精神都是。

	12/28
	Akasha需要进一步雕刻。
	开始记起很久之前的感觉。
	kernel continue。

	12/30
	我想有一天，akasha会取代这里。
	作为我人生中的一次重大的个人性格，人生风格的转型，我做了一个星期的的正式规划，以及20年的内心积累。有意思的事情才刚开始，也许我要一辈子的时间才能把这件事做好～～
	重要的为人目标
	所有的性格，为人全部基于钟越民。
	做事，时间管里工作部分基于Lyubishchev 的时间管理方式。
	其他生活理念，和思想追求作为个人特色。不断添加。
	整个计划，会不断修整。
	另外，决定正式开始，akasha计划，前期准备到此结束。另外，我会坚持每个月给google创始人写一封整体介绍akasha的文章。

	2012
	01/1
	The first day of 2012.Now,I recode the past years and make a elite plan for the furture.Everything was changed,included myself.
	2011年的总结：
	1月的时候还在看UNP，认识了刘未鹏。
	2月，也是一样。
	3，4月看完了CSAPP2e。
	5月百度校招，没成。
	6月开始思考，并进行离散数学和算法的学习。
	7，8月，所有时间投入到了离散数学学习。
	9月，一转眼就到了淘宝的招聘，四面都过了。最后还是没进。心痛了很久，锐气受挫了。
	10月，百度的招聘，早上起来完了，没参加笔试。。。。霸面，第一个问题答的不好，后面两个答的很好。就用了10分钟就结束了。。。。之后没成。
	10月，关于sina，天元内推，一面就ok了，自己很高兴。10月下旬去了sina实习。12月初回校。
	11月，在sina实习了一个月，11月的最后一天，失去了长久以来的精神的寄托 —— ***。
	12月，失落的30天。这样的打击对于我来说是fatal。现在全都结束了。决定在国内待一年半，之后出国的打算。
	你好，2012.that's all.
	Sincerely firo.

	01/13
	终于可以长呼一口气了，akasha的前期工作，和自己多年来的工作终于，有了一个雏形了。算是第一阶段结束了。
	可以自豪的说，以后的工作，可以不再那么的迷茫了。我现在就能感觉出来了。好多事都变得简单，和有方向了。很轻松的感觉。
	大概有20天没有学习计算机的内容了，明天重新回归到开源社区的怀抱。linux的学习和我的整个生活建立之前的研究之上的。
	Lyubishchev和培根还有杜威，wikipedia上等很多前辈们，提供了巨大的帮助！在这里从心里向他们 ，致敬！

	01/27
	ULK 大概的看了一遍，不过离写driver 还很远。。一点感觉都没有。。决定 ，先试着写一点驱动。看玩这本书之后并没有什么实际的能力，就和我
	当年看AUPE一样虽然看了三遍，当时真正的Programming能力，并没有多少提升，所以这次，不能再吃上次的亏了。。。。
	一切，以实践应用为主。。。先写个简单的驱动。。。。
	明天（1月28）去sina了。。。先到学校看一下。。。
	kvm还没看。纳入日程了。
	就这样了。

	2/20
	Resignation from sina

	04/16
	哈一，过了这么久。
	大概是二月初又去了sina，2月下旬，从sina，辞职。之后回到学校。一直到现在。
	情感起伏比较大，初期回到学校半个多月，晚上心理难受的厉害。决定搬到创新住。现在正好住了一个月。
	4个半月已经过去了，内心平静了许多。这样一颗安静的心，是我一直想要得到的。
	实际，很长的一段时间里，我都在思考，我想要的是什么？命中注定的东西到底是什么？我过的很难受，是我追求的不对吗？我反复问这自己。
	似乎永远也不会的不到这样的答案。我想我的梦，没有问题。一个一直追逐自己的梦，并为之付出努力的人，应该是很享受。而那些，由于现实的胁迫，而选择妥协的梦想的人，应该会体会到那本应是快乐的苦痛。我想我是那样的人，我没有真诚的去对待我的梦想。我想写歌，我想学跳舞，我想绘画，我想表白，我想做一个优秀的人。我想做一个一流的hacker。我想做一个想达芬奇那样的天才。我内心中真正想要的到底是什么？或许，那样简单，平静的生活才是我想要的。

	5/4
	最近心情越来越，平静了。见到我不必如此害羞，我也不会把你吃掉。
	Einstein， 哥哥， Atsuko， 带我找到了正确的人生方向。我相信这就是我一生的所需要的心情。
	人生当中，没有什么是一定的，凡事要放得开。更不应伤害到别人，我为自己所做的事向＊＊＊，感到深深的愧疚与歉意。那样不成熟的自己，终于长大了。
	半年多以来，内心深处想要的是什么？或许，永远也不会有这样的答案，不过Einstein，留给我的功课，够我一生去做了。
	伟大的人在不为人知的岁月里就在做平凡而又伟大的事情。这样的一点点的积累，才不断收获他们认可的自己。想想我的过去，遇事不能冷静处理时常冒犯别人，也使自己更加
	迷惘。不去计较其他，坦然的做到，卒然临之而不惊，无故加之而不怒。我想这人生就有起色了，这绝不是凡事都要忍让，无关前途命运，礼让七分都可。从sina辞职这件事，我坚持自己最初的态度。这是我的选择。慢慢去做，我想终究会有属于我的一片天空～～
	离毕业的时刻越来越近了，kernel要加把劲了。
	开始尝试着写歌词～～

	5/21
	一个人悠闲街道，抬头就能看见天空，太阳不可一世，夏风轻挑少女长发，很美，小孩子纯真的笑脸是人生的路标。

	5/31
	今天，毕设程序验收结束，和想像中的不同。终究还是通过了。见到了一部分同学，大家还是大一那会儿似的。只剩下了毕业论文，用心完成。
	大学只剩下一个月了，超级充实，接下来kernel，之后去找个工作。另外，迈入社会前，性格完善，日常生活习惯化提上日程。

	6/3
	今天王立明老师帮我修改毕业论文，被指出“像是在写散文”。最近机器人部的几个学弟被我害的挺惨的（笑）。

	6/4
	毕业论文，告一段落，安心看linux 内核。
	我现在就能感受到从未来吹来的滚滚热风，期待，未来从天而将， 看我精彩表现。
	普罗米修斯6月8上映，想着重要的朋友毕业后要分开，果断买票，请xingsi和安康去看。
	无论如何心向着未来，爱也会继续。风继续吹。

	6/5
	下午和南哥去爬山，开心。

	6/7
	本来不打算这么认真的。

	6/9
	上午毕业论文答辩，比想象中有趣。我的答辩貌似有问题。不过问题不大。
	fcitx-cloudpinyin，使用起来感觉体验良好。
	明天开始找工作。
	今天晚上的消息，额。。我进大组了。就是毕业论文没过。心理素质实在太好了，一点压力都没有。看我星期一的表现吧。
	晚上082班毕业聚会，很开心。
	王芳多谢答辩的事，多费心了。
	今天看到，李晓彤很美。
	祝福未来的你们，我爱你们。

	6/10
	新的qq， 用心做了一下午答辩ppt。
	开始期盼新的未来了，呵呵。

	6/11
	下午毕业论文第二次答辩，五分钟的时间很快就过去了。果不其然，老师没能让我继续讲下去。
	毕业论文因为不符合规范，重新改写，一番紧张的修改，打印，装订，上交，搞定了。毕业的结果，未知。
	毕业论文的东西很有意思的。可惜老师们，不想听呀。也只能这样了。
	另外，终于下笔开始写自己了，还有这个世界了。论文被老师说成话不通顺，还不是因为让我一改再改。。。。
	找工作。

	6/15
	xiaomi 吐血回馈老用户，我抽到了349元，运气超好。
	你懂的，除了坑跌，没什么用途。

	9/3
	毕业后，第一次回到民院，开始在这里第五年的生活，为期大概一个月吧。
	昨天结束了，人生中最近6年的计划，一个漫长成长历程，耗尽了大半心力。
	开始第二阶段的计划。
	接下来该做什么呢？我也有点拿不准了。What do you want？

	10/3
	Good bye days
	今天从学校回家，休息3天之后，启程。去北京，这一个月在学校，看书～～和大三的混的挺熟。
	昨天晚上，我终于承认，我的大学结束了。
	高中2年，大学四年，至今6年，两轮，all failed。我又带着从高中结束时的自信，开始了新生活。
	改变生活的style。


	10/26
	Recovery every thing.
	Continue kernel hacking.
	有多少时间，值得我的等待呢？ 如果这样下去，我想不会有终结，生活中总会有这样或那样的事，永远也忙不完。
	靠我一个人的力量，是不可能完成akasha，离后面的计划就更远了。
	着手akasha。

	11/4
	认真，严肃对待这次redhat面试。如果不成赵一家差不多的公司就去了。
	1. Submit path to kernel
	2. 面试题。

	11/15
	日子过得像流水，若不做计较，匆匆没尽头。十日不算长，于我来说绝对不短。
	没了管束生活就是洪水猛兽，哪一天就找不见自己了。前几日,姥爷过世，一言难尽。
	今天做个休整，把大三至今的思虑，总结下。接下来要找工作了。也作个未来规划。

	11/26
	玩了一星期的《英雄联盟》，写了一个星期的《关于人、知识、时间的最初研究》
	结下来做个计划，就找工作了。难产死了。










	sentinel


