#Net initialization
start_kernel-> parse_early_param irq timers softirq -> rest_init(): kthread
{
	do_basic_setup()  
	{
		driver_init
		sock_init
		do_initcalls()
		{
			net_dev_init: Initializing the Device Handling Layer
			{
				per-CPU 
				proc
				sysfs
				ptype_base
				dst_init
				softirq: net_rx/tx_action
				dev_cpu_callback: CPU hotplug.
			}
		}
	}
	free_init_mem()
	run_init_process()
}

## network init
inet_init()->ip_init()->ip_rt_init()->ip_fib_init()->fib_hash_init():create kmem_cache

## net device init
* net_dev_init
* nic init
e100_init_module	pci_register_driver:构建结构	driver_regiser:注册到内核	really_probe()drv->probe:初始化。
vconfig add		regiser_vlan_device：构建结构	register_netdevice:注册到内核	dev->init():初始化


