
# References
man packet
[Turbo packet dump](https://www.kernel.org/doc/Documentation/networking/packet_mmap.txt)

# Packet filter
[The BSD Packet Filter: A New Architecture for User-level Packet Capture](http://www.tcpdump.org/papers/bpf-usenix93.pdf)
[Kernel internals](https://www.kernel.org/doc/Documentation/networking/filter.txt)
man pcap-filer: packet filter syntax of pcap

# Packet capture
NIT: The SunOS Network Interface Tap (NIT) 
socket(AF_PACKET, SOCK_RAW, 768)        = 3
bind(3, {sa_family=AF_PACKET, sll_protocol=htons(ETH_P_ALL), sll_ifindex=if_nametoindex("eth0"), sll_hatype=ARPHRD_NETROM, sll_pkttype=PACKET_HOST, sll_halen=0}, 20) = 0
getsockopt(3, SOL_SOCKET, SO_ERROR, [0], [4]) = 0
setsockopt(3, SOL_PACKET, PACKET_ADD_MEMBERSHIP, {mr_ifindex=if_nametoindex("eth0"), mr_type=PACKET_MR_PROMISC, mr_alen=0, mr_address=}, 16) = 0
setsockopt(3, SOL_PACKET, PACKET_AUXDATA, [1], 4) = 0
getsockopt(3, SOL_SOCKET, SO_BPF_EXTENSIONS, [64], [4]) = 0
getsockopt(3, SOL_PACKET, PACKET_HDRLEN, [48], [4]) = 0
setsockopt(3, SOL_PACKET, PACKET_VERSION, [2], 4) = 0
setsockopt(3, SOL_PACKET, PACKET_RESERVE, [4], 4) = 0
setsockopt(3, SOL_PACKET, PACKET_RX_RING, 0x7fff6554ca10, 28) = 0
setsockopt(3, SOL_SOCKET, SO_ATTACH_FILTER, {len=1, filter=0x7fe5b13244e8}, 16) = 0
check packet_creat and packet_ops

# Packet analyzer/sniffer
tcpdump, wireshark

# Tcpdump
-r

