# SKB
truesize -- skb + data size: SKB_TRUESIZE(X) ((X) +                                          \
                         SKB_DATA_ALIGN(sizeof(struct sk_buff)) +       \
                         SKB_DATA_ALIGN(sizeof(struct skb_shared_info)))
data_len -- len of frags + frag_list
dataref: how many skb is refering to skb->data.
commit 99a54de720dcd9902cd51a77d5275fa91850036c
Author: Herbert Xu <herbert@gondor.apana.org.au>
Date:   Wed Feb 23 03:17:24 2005 -0800
    [NET]: Add skb_header_release and use it in net/ipv4/tcp ??
len -- head_len + frgas + frag_list
[frags and frag_list](http://stackoverflow.com/questions/10039744/difference-between-skbuff-frags-and-frag-list/)
[skb_shared_info](http://marc.info/?l=linux-netdev&m=115508038817177&w=2)
[skb](http://vger.kernel.org/~davem/skb.html)
protocol: Packet protocol from driver; Ether type 1. ip_output by = htons(ETH_P_IP) ; 2. by = eth_type_trans() in bnx2_rx_int();

pskb_pull -- p stands for page
[How to understand the function of pskb_may_pull](https://lists.kernelnewbies.org/pipermail/kernelnewbies/2015-January/013183.html)
pskb_copy -- p stands for part
[Basic functions for sk_buff](http://www.skbuff.net/skbbasic.html)
skb_clone -> pskb_copy -> skb_copy

[SKB data area handling](http://vger.kernel.org/~davem/skb_data.html)
[Skbuffs - A tutorial](http://people.sissa.it/~inno/pubs/skb.pdf)
## fclone -- fast clone
[NET Implement SKB fast cloning.](http://git.kernel.org/cgit/linux/kernel/git/torvalds/linux.git/commit/?id=d179cd12928443f3ec29cfbc3567439644bd0afc)
[Fast SKB cloning, continued](http://lwn.net/Articles/140552/)

## ETC
[Network buffers The BSD, Unix SVR4 and Linux approaches](http://people.sissa.it/~inno/pubs/skb-reduced.pdf)

# commits
## pskb_cpoy
commit 1a0153507ffae9cf3350e76c12d441788c0191e1
Author: Linus Torvalds <torvalds@athlon.transmeta.com>
Date:   Mon Feb 4 18:11:38 2002 -0800

    v2.4.3.2 -> v2.4.3.3
+/**
+ *     pskb_copy       -       create copy of an sk_buff with private head.
